[ 2016-05-16T08:52:15+08:00 ] 127.0.0.1 /
INFO: [ app_init ] --START--
INFO: Run Behavior\BuildLiteBehavior [ RunTime:0.000045s ]
INFO: [ app_init ] --END-- [ RunTime:0.000992s ]
INFO: [ app_begin ] --START--
INFO: Run Behavior\ReadHtmlCacheBehavior [ RunTime:0.000702s ]
INFO: [ app_begin ] --END-- [ RunTime:0.000828s ]
SQL: SHOW COLUMNS FROM `wb_weibo` [ RunTime:0.011386s ]
SQL: SELECT * FROM `wb_weibo`  [ RunTime:0.000422s ]
INFO: [ view_parse ] --START--
INFO: [ template_filter ] --START--
INFO: Run Behavior\ContentReplaceBehavior [ RunTime:0.000315s ]
INFO: [ template_filter ] --END-- [ RunTime:0.000420s ]
SQL: SHOW COLUMNS FROM `wb_userinfo` [ RunTime:0.004003s ]
SQL: SELECT `username` FROM `wb_userinfo` WHERE `uid` = null LIMIT 1   [ RunTime:0.000367s ]
SQL: SHOW COLUMNS FROM `wb_group` [ RunTime:0.021077s ]
SQL: SELECT * FROM `wb_group` WHERE `uid` = null  [ RunTime:0.000253s ]
SQL: SELECT * FROM `wb_group` WHERE `uid` = null  [ RunTime:0.000193s ]
NOTIC: [8] Undefined index: face E:\wamp\www\project\weibo\Runtime\Cache\Home\792a3bd00594ef191f29070e12afd100.php 第 226 行.
NOTIC: [8] Undefined index: username E:\wamp\www\project\weibo\Runtime\Cache\Home\792a3bd00594ef191f29070e12afd100.php 第 235 行.
NOTIC: [8] Undefined index: max E:\wamp\www\project\weibo\Runtime\Cache\Home\792a3bd00594ef191f29070e12afd100.php 第 243 行.
NOTIC: [8] Undefined index: face E:\wamp\www\project\weibo\Runtime\Cache\Home\792a3bd00594ef191f29070e12afd100.php 第 226 行.
NOTIC: [8] Undefined index: username E:\wamp\www\project\weibo\Runtime\Cache\Home\792a3bd00594ef191f29070e12afd100.php 第 235 行.
NOTIC: [8] Undefined index: max E:\wamp\www\project\weibo\Runtime\Cache\Home\792a3bd00594ef191f29070e12afd100.php 第 243 行.
NOTIC: [8] Undefined index: face E:\wamp\www\project\weibo\Runtime\Cache\Home\792a3bd00594ef191f29070e12afd100.php 第 226 行.
NOTIC: [8] Undefined index: username E:\wamp\www\project\weibo\Runtime\Cache\Home\792a3bd00594ef191f29070e12afd100.php 第 235 行.
NOTIC: [8] Undefined index: max E:\wamp\www\project\weibo\Runtime\Cache\Home\792a3bd00594ef191f29070e12afd100.php 第 243 行.
NOTIC: [8] Undefined variable: page E:\wamp\www\project\weibo\Runtime\Cache\Home\792a3bd00594ef191f29070e12afd100.php 第 414 行.
NOTIC: [8] Undefined variable: uid E:\wamp\www\project\weibo\Runtime\Cache\Home\792a3bd00594ef191f29070e12afd100.php 第 422 行.
NOTIC: [8] Undefined variable: face E:\wamp\www\project\weibo\Runtime\Cache\Home\792a3bd00594ef191f29070e12afd100.php 第 423 行.
NOTIC: [8] Undefined variable: username E:\wamp\www\project\weibo\Runtime\Cache\Home\792a3bd00594ef191f29070e12afd100.php 第 423 行.
NOTIC: [8] Undefined variable: uid E:\wamp\www\project\weibo\Runtime\Cache\Home\792a3bd00594ef191f29070e12afd100.php 第 427 行.
NOTIC: [8] Undefined variable: username E:\wamp\www\project\weibo\Runtime\Cache\Home\792a3bd00594ef191f29070e12afd100.php 第 427 行.
NOTIC: [8] Undefined variable: uid E:\wamp\www\project\weibo\Runtime\Cache\Home\792a3bd00594ef191f29070e12afd100.php 第 431 行.
NOTIC: [8] Undefined variable: follow E:\wamp\www\project\weibo\Runtime\Cache\Home\792a3bd00594ef191f29070e12afd100.php 第 431 行.
NOTIC: [8] Undefined variable: uid E:\wamp\www\project\weibo\Runtime\Cache\Home\792a3bd00594ef191f29070e12afd100.php 第 432 行.
NOTIC: [8] Undefined variable: fans E:\wamp\www\project\weibo\Runtime\Cache\Home\792a3bd00594ef191f29070e12afd100.php 第 432 行.
NOTIC: [8] Undefined variable: uid E:\wamp\www\project\weibo\Runtime\Cache\Home\792a3bd00594ef191f29070e12afd100.php 第 434 行.
NOTIC: [8] Array to string conversion E:\wamp\www\project\weibo\Runtime\Cache\Home\792a3bd00594ef191f29070e12afd100.php 第 434 行.
NOTIC: [8] Undefined variable: uid E:\wamp\www\project\weibo\Runtime\Cache\Home\792a3bd00594ef191f29070e12afd100.php 第 447 行.
NOTIC: [8] Undefined variable: face E:\wamp\www\project\weibo\Runtime\Cache\Home\792a3bd00594ef191f29070e12afd100.php 第 448 行.
NOTIC: [8] Undefined variable: uid E:\wamp\www\project\weibo\Runtime\Cache\Home\792a3bd00594ef191f29070e12afd100.php 第 451 行.
NOTIC: [8] Undefined variable: username E:\wamp\www\project\weibo\Runtime\Cache\Home\792a3bd00594ef191f29070e12afd100.php 第 451 行.
NOTIC: [8] Undefined variable: count E:\wamp\www\project\weibo\Runtime\Cache\Home\792a3bd00594ef191f29070e12afd100.php 第 452 行.
NOTIC: [8] Undefined variable: uid E:\wamp\www\project\weibo\Runtime\Cache\Home\792a3bd00594ef191f29070e12afd100.php 第 454 行.
INFO: Run Behavior\ParseTemplateBehavior [ RunTime:0.080518s ]
INFO: [ view_parse ] --END-- [ RunTime:0.080608s ]
INFO: [ view_filter ] --START--
INFO: Run Behavior\WriteHtmlCacheBehavior [ RunTime:0.000541s ]
INFO: [ view_filter ] --END-- [ RunTime:0.000624s ]
INFO: [ app_end ] --START--
INFO: Run Behavior\ShowPageTraceBehavior [ RunTime:0.000634s ]
INFO: [ app_end ] --END-- [ RunTime:0.000705s ]

[ 2016-05-16T08:52:16+08:00 ] 127.0.0.1 /index.php/Home/Index/getMsg.html
INFO: [ app_init ] --START--
INFO: Run Behavior\BuildLiteBehavior [ RunTime:0.000024s ]
INFO: [ app_init ] --END-- [ RunTime:0.000578s ]
INFO: [ app_begin ] --START--
INFO: Run Behavior\ReadHtmlCacheBehavior [ RunTime:0.000690s ]
INFO: [ app_begin ] --END-- [ RunTime:0.000783s ]
ERR: 非法操作:getMsg

[ 2016-05-16T08:52:26+08:00 ] 127.0.0.1 /index.php/Home/Index/getMsg.html
INFO: [ app_init ] --START--
INFO: Run Behavior\BuildLiteBehavior [ RunTime:0.000034s ]
INFO: [ app_init ] --END-- [ RunTime:0.000631s ]
INFO: [ app_begin ] --START--
INFO: Run Behavior\ReadHtmlCacheBehavior [ RunTime:0.000860s ]
INFO: [ app_begin ] --END-- [ RunTime:0.000981s ]
ERR: 非法操作:getMsg

[ 2016-05-16T08:52:28+08:00 ] 127.0.0.1 /index.php/Home/Index/getComment.html
INFO: [ app_init ] --START--
INFO: Run Behavior\BuildLiteBehavior [ RunTime:0.000049s ]
INFO: [ app_init ] --END-- [ RunTime:0.001967s ]
INFO: [ app_begin ] --START--
INFO: Run Behavior\ReadHtmlCacheBehavior [ RunTime:0.001030s ]
INFO: [ app_begin ] --END-- [ RunTime:0.001154s ]
ERR: 非法操作:getComment

[ 2016-05-16T08:52:32+08:00 ] 127.0.0.1 /index.php/Home/Index/getComment.html
INFO: [ app_init ] --START--
INFO: Run Behavior\BuildLiteBehavior [ RunTime:0.000022s ]
INFO: [ app_init ] --END-- [ RunTime:0.000544s ]
INFO: [ app_begin ] --START--
INFO: Run Behavior\ReadHtmlCacheBehavior [ RunTime:0.000824s ]
INFO: [ app_begin ] --END-- [ RunTime:0.001006s ]
ERR: 非法操作:getComment

[ 2016-05-16T08:52:33+08:00 ] 127.0.0.1 /index.php/Home/Index/getComment.html
INFO: [ app_init ] --START--
INFO: Run Behavior\BuildLiteBehavior [ RunTime:0.000028s ]
INFO: [ app_init ] --END-- [ RunTime:0.000556s ]
INFO: [ app_begin ] --START--
INFO: Run Behavior\ReadHtmlCacheBehavior [ RunTime:0.001104s ]
INFO: [ app_begin ] --END-- [ RunTime:0.001270s ]
ERR: 非法操作:getComment

[ 2016-05-16T08:52:35+08:00 ] 127.0.0.1 /index.php/Home/Index/keep.html
INFO: [ app_init ] --START--
INFO: Run Behavior\BuildLiteBehavior [ RunTime:0.000048s ]
INFO: [ app_init ] --END-- [ RunTime:0.001061s ]
INFO: [ app_begin ] --START--
INFO: Run Behavior\ReadHtmlCacheBehavior [ RunTime:0.001420s ]
INFO: [ app_begin ] --END-- [ RunTime:0.001597s ]
ERR: 非法操作:keep

[ 2016-05-16T08:52:58+08:00 ] 127.0.0.1 /
INFO: [ app_init ] --START--
INFO: Run Behavior\BuildLiteBehavior [ RunTime:0.000022s ]
INFO: [ app_init ] --END-- [ RunTime:0.000451s ]
INFO: [ app_begin ] --START--
INFO: Run Behavior\ReadHtmlCacheBehavior [ RunTime:0.000551s ]
INFO: [ app_begin ] --END-- [ RunTime:0.000635s ]
SQL: SHOW COLUMNS FROM `wb_weibo` [ RunTime:0.003186s ]
SQL: SELECT * FROM `wb_weibo`  [ RunTime:0.000256s ]
INFO: [ view_parse ] --START--
INFO: [ template_filter ] --START--
INFO: Run Behavior\ContentReplaceBehavior [ RunTime:0.000298s ]
INFO: [ template_filter ] --END-- [ RunTime:0.000391s ]
SQL: SHOW COLUMNS FROM `wb_userinfo` [ RunTime:0.003355s ]
SQL: SELECT `username` FROM `wb_userinfo` WHERE `uid` = null LIMIT 1   [ RunTime:0.000247s ]
SQL: SHOW COLUMNS FROM `wb_group` [ RunTime:0.003103s ]
SQL: SELECT * FROM `wb_group` WHERE `uid` = null  [ RunTime:0.000250s ]
SQL: SELECT * FROM `wb_group` WHERE `uid` = null  [ RunTime:0.000189s ]
NOTIC: [8] Undefined index: face E:\wamp\www\project\weibo\Runtime\Cache\Home\792a3bd00594ef191f29070e12afd100.php 第 226 行.
NOTIC: [8] Undefined index: username E:\wamp\www\project\weibo\Runtime\Cache\Home\792a3bd00594ef191f29070e12afd100.php 第 235 行.
NOTIC: [8] Undefined index: max E:\wamp\www\project\weibo\Runtime\Cache\Home\792a3bd00594ef191f29070e12afd100.php 第 243 行.
NOTIC: [8] Undefined index: face E:\wamp\www\project\weibo\Runtime\Cache\Home\792a3bd00594ef191f29070e12afd100.php 第 226 行.
NOTIC: [8] Undefined index: username E:\wamp\www\project\weibo\Runtime\Cache\Home\792a3bd00594ef191f29070e12afd100.php 第 235 行.
NOTIC: [8] Undefined index: max E:\wamp\www\project\weibo\Runtime\Cache\Home\792a3bd00594ef191f29070e12afd100.php 第 243 行.
NOTIC: [8] Undefined index: face E:\wamp\www\project\weibo\Runtime\Cache\Home\792a3bd00594ef191f29070e12afd100.php 第 226 行.
NOTIC: [8] Undefined index: username E:\wamp\www\project\weibo\Runtime\Cache\Home\792a3bd00594ef191f29070e12afd100.php 第 235 行.
NOTIC: [8] Undefined index: max E:\wamp\www\project\weibo\Runtime\Cache\Home\792a3bd00594ef191f29070e12afd100.php 第 243 行.
NOTIC: [8] Undefined variable: page E:\wamp\www\project\weibo\Runtime\Cache\Home\792a3bd00594ef191f29070e12afd100.php 第 414 行.
NOTIC: [8] Undefined variable: uid E:\wamp\www\project\weibo\Runtime\Cache\Home\792a3bd00594ef191f29070e12afd100.php 第 422 行.
NOTIC: [8] Undefined variable: face E:\wamp\www\project\weibo\Runtime\Cache\Home\792a3bd00594ef191f29070e12afd100.php 第 423 行.
NOTIC: [8] Undefined variable: username E:\wamp\www\project\weibo\Runtime\Cache\Home\792a3bd00594ef191f29070e12afd100.php 第 423 行.
NOTIC: [8] Undefined variable: uid E:\wamp\www\project\weibo\Runtime\Cache\Home\792a3bd00594ef191f29070e12afd100.php 第 427 行.
NOTIC: [8] Undefined variable: username E:\wamp\www\project\weibo\Runtime\Cache\Home\792a3bd00594ef191f29070e12afd100.php 第 427 行.
NOTIC: [8] Undefined variable: uid E:\wamp\www\project\weibo\Runtime\Cache\Home\792a3bd00594ef191f29070e12afd100.php 第 431 行.
NOTIC: [8] Undefined variable: follow E:\wamp\www\project\weibo\Runtime\Cache\Home\792a3bd00594ef191f29070e12afd100.php 第 431 行.
NOTIC: [8] Undefined variable: uid E:\wamp\www\project\weibo\Runtime\Cache\Home\792a3bd00594ef191f29070e12afd100.php 第 432 行.
NOTIC: [8] Undefined variable: fans E:\wamp\www\project\weibo\Runtime\Cache\Home\792a3bd00594ef191f29070e12afd100.php 第 432 行.
NOTIC: [8] Undefined variable: uid E:\wamp\www\project\weibo\Runtime\Cache\Home\792a3bd00594ef191f29070e12afd100.php 第 434 行.
NOTIC: [8] Array to string conversion E:\wamp\www\project\weibo\Runtime\Cache\Home\792a3bd00594ef191f29070e12afd100.php 第 434 行.
NOTIC: [8] Undefined variable: uid E:\wamp\www\project\weibo\Runtime\Cache\Home\792a3bd00594ef191f29070e12afd100.php 第 447 行.
NOTIC: [8] Undefined variable: face E:\wamp\www\project\weibo\Runtime\Cache\Home\792a3bd00594ef191f29070e12afd100.php 第 448 行.
NOTIC: [8] Undefined variable: uid E:\wamp\www\project\weibo\Runtime\Cache\Home\792a3bd00594ef191f29070e12afd100.php 第 451 行.
NOTIC: [8] Undefined variable: username E:\wamp\www\project\weibo\Runtime\Cache\Home\792a3bd00594ef191f29070e12afd100.php 第 451 行.
NOTIC: [8] Undefined variable: count E:\wamp\www\project\weibo\Runtime\Cache\Home\792a3bd00594ef191f29070e12afd100.php 第 452 行.
NOTIC: [8] Undefined variable: uid E:\wamp\www\project\weibo\Runtime\Cache\Home\792a3bd00594ef191f29070e12afd100.php 第 454 行.
INFO: Run Behavior\ParseTemplateBehavior [ RunTime:0.047091s ]
INFO: [ view_parse ] --END-- [ RunTime:0.047176s ]
INFO: [ view_filter ] --START--
INFO: Run Behavior\WriteHtmlCacheBehavior [ RunTime:0.000537s ]
INFO: [ view_filter ] --END-- [ RunTime:0.000630s ]
INFO: [ app_end ] --START--
INFO: Run Behavior\ShowPageTraceBehavior [ RunTime:0.000656s ]
INFO: [ app_end ] --END-- [ RunTime:0.000730s ]

[ 2016-05-16T08:53:05+08:00 ] 127.0.0.1 /index.php/Home/Common/uploadPic.html
INFO: [ app_init ] --START--
INFO: Run Behavior\BuildLiteBehavior [ RunTime:0.000037s ]
INFO: [ app_init ] --END-- [ RunTime:0.000741s ]
INFO: [ app_begin ] --START--
INFO: Run Behavior\ReadHtmlCacheBehavior [ RunTime:0.000909s ]
INFO: [ app_begin ] --END-- [ RunTime:0.001092s ]
NOTIC: [2] call_user_func() expects parameter 1 to be a valid callback, no array or string given E:\wamp\www\project\ThinkPHP\Library\Think\Upload.class.php 第 170 行.
INFO: [ app_end ] --START--
INFO: Run Behavior\ShowPageTraceBehavior [ RunTime:0.001001s ]
INFO: [ app_end ] --END-- [ RunTime:0.001112s ]

[ 2016-05-16T08:54:03+08:00 ] 127.0.0.1 /
INFO: [ app_init ] --START--
INFO: Run Behavior\BuildLiteBehavior [ RunTime:0.000025s ]
INFO: [ app_init ] --END-- [ RunTime:0.000802s ]
INFO: [ app_begin ] --START--
INFO: Run Behavior\ReadHtmlCacheBehavior [ RunTime:0.000739s ]
INFO: [ app_begin ] --END-- [ RunTime:0.000844s ]
SQL: SHOW COLUMNS FROM `wb_weibo` [ RunTime:0.004901s ]
SQL: SELECT * FROM `wb_weibo`  [ RunTime:0.000375s ]
INFO: [ view_parse ] --START--
INFO: [ template_filter ] --START--
INFO: Run Behavior\ContentReplaceBehavior [ RunTime:0.001439s ]
INFO: [ template_filter ] --END-- [ RunTime:0.001629s ]
SQL: SHOW COLUMNS FROM `wb_userinfo` [ RunTime:0.003782s ]
SQL: SELECT `username` FROM `wb_userinfo` WHERE `uid` = null LIMIT 1   [ RunTime:0.000319s ]
SQL: SHOW COLUMNS FROM `wb_group` [ RunTime:0.005082s ]
SQL: SELECT * FROM `wb_group` WHERE `uid` = null  [ RunTime:0.000469s ]
SQL: SELECT * FROM `wb_group` WHERE `uid` = null  [ RunTime:0.000368s ]
NOTIC: [8] Undefined index: face E:\wamp\www\project\weibo\Runtime\Cache\Home\792a3bd00594ef191f29070e12afd100.php 第 226 行.
NOTIC: [8] Undefined index: username E:\wamp\www\project\weibo\Runtime\Cache\Home\792a3bd00594ef191f29070e12afd100.php 第 235 行.
NOTIC: [8] Undefined index: max E:\wamp\www\project\weibo\Runtime\Cache\Home\792a3bd00594ef191f29070e12afd100.php 第 243 行.
NOTIC: [8] Undefined index: face E:\wamp\www\project\weibo\Runtime\Cache\Home\792a3bd00594ef191f29070e12afd100.php 第 226 行.
NOTIC: [8] Undefined index: username E:\wamp\www\project\weibo\Runtime\Cache\Home\792a3bd00594ef191f29070e12afd100.php 第 235 行.
NOTIC: [8] Undefined index: max E:\wamp\www\project\weibo\Runtime\Cache\Home\792a3bd00594ef191f29070e12afd100.php 第 243 行.
NOTIC: [8] Undefined index: face E:\wamp\www\project\weibo\Runtime\Cache\Home\792a3bd00594ef191f29070e12afd100.php 第 226 行.
NOTIC: [8] Undefined index: username E:\wamp\www\project\weibo\Runtime\Cache\Home\792a3bd00594ef191f29070e12afd100.php 第 235 行.
NOTIC: [8] Undefined index: max E:\wamp\www\project\weibo\Runtime\Cache\Home\792a3bd00594ef191f29070e12afd100.php 第 243 行.
NOTIC: [8] Undefined variable: page E:\wamp\www\project\weibo\Runtime\Cache\Home\792a3bd00594ef191f29070e12afd100.php 第 414 行.
NOTIC: [8] Undefined variable: uid E:\wamp\www\project\weibo\Runtime\Cache\Home\792a3bd00594ef191f29070e12afd100.php 第 422 行.
NOTIC: [8] Undefined variable: face E:\wamp\www\project\weibo\Runtime\Cache\Home\792a3bd00594ef191f29070e12afd100.php 第 423 行.
NOTIC: [8] Undefined variable: username E:\wamp\www\project\weibo\Runtime\Cache\Home\792a3bd00594ef191f29070e12afd100.php 第 423 行.
NOTIC: [8] Undefined variable: uid E:\wamp\www\project\weibo\Runtime\Cache\Home\792a3bd00594ef191f29070e12afd100.php 第 427 行.
NOTIC: [8] Undefined variable: username E:\wamp\www\project\weibo\Runtime\Cache\Home\792a3bd00594ef191f29070e12afd100.php 第 427 行.
NOTIC: [8] Undefined variable: uid E:\wamp\www\project\weibo\Runtime\Cache\Home\792a3bd00594ef191f29070e12afd100.php 第 431 行.
NOTIC: [8] Undefined variable: follow E:\wamp\www\project\weibo\Runtime\Cache\Home\792a3bd00594ef191f29070e12afd100.php 第 431 行.
NOTIC: [8] Undefined variable: uid E:\wamp\www\project\weibo\Runtime\Cache\Home\792a3bd00594ef191f29070e12afd100.php 第 432 行.
NOTIC: [8] Undefined variable: fans E:\wamp\www\project\weibo\Runtime\Cache\Home\792a3bd00594ef191f29070e12afd100.php 第 432 行.
NOTIC: [8] Undefined variable: uid E:\wamp\www\project\weibo\Runtime\Cache\Home\792a3bd00594ef191f29070e12afd100.php 第 434 行.
NOTIC: [8] Array to string conversion E:\wamp\www\project\weibo\Runtime\Cache\Home\792a3bd00594ef191f29070e12afd100.php 第 434 行.
NOTIC: [8] Undefined variable: uid E:\wamp\www\project\weibo\Runtime\Cache\Home\792a3bd00594ef191f29070e12afd100.php 第 447 行.
NOTIC: [8] Undefined variable: face E:\wamp\www\project\weibo\Runtime\Cache\Home\792a3bd00594ef191f29070e12afd100.php 第 448 行.
NOTIC: [8] Undefined variable: uid E:\wamp\www\project\weibo\Runtime\Cache\Home\792a3bd00594ef191f29070e12afd100.php 第 451 行.
NOTIC: [8] Undefined variable: username E:\wamp\www\project\weibo\Runtime\Cache\Home\792a3bd00594ef191f29070e12afd100.php 第 451 行.
NOTIC: [8] Undefined variable: count E:\wamp\www\project\weibo\Runtime\Cache\Home\792a3bd00594ef191f29070e12afd100.php 第 452 行.
NOTIC: [8] Undefined variable: uid E:\wamp\www\project\weibo\Runtime\Cache\Home\792a3bd00594ef191f29070e12afd100.php 第 454 行.
INFO: Run Behavior\ParseTemplateBehavior [ RunTime:0.058905s ]
INFO: [ view_parse ] --END-- [ RunTime:0.058993s ]
INFO: [ view_filter ] --START--
INFO: Run Behavior\WriteHtmlCacheBehavior [ RunTime:0.000530s ]
INFO: [ view_filter ] --END-- [ RunTime:0.000610s ]
INFO: [ app_end ] --START--
INFO: Run Behavior\ShowPageTraceBehavior [ RunTime:0.000598s ]
INFO: [ app_end ] --END-- [ RunTime:0.000684s ]

[ 2016-05-16T08:54:04+08:00 ] 127.0.0.1 /index.php/Home/Index/getMsg.html
INFO: [ app_init ] --START--
INFO: Run Behavior\BuildLiteBehavior [ RunTime:0.000040s ]
INFO: [ app_init ] --END-- [ RunTime:0.000778s ]
INFO: [ app_begin ] --START--
INFO: Run Behavior\ReadHtmlCacheBehavior [ RunTime:0.001020s ]
INFO: [ app_begin ] --END-- [ RunTime:0.001177s ]
ERR: 非法操作:getMsg

