[ 2016-05-14T00:12:11+08:00 ] 127.0.0.1 /Home
ERR: 模板不存在:./web/Home/View/Index/index.html

[ 2016-05-14T00:16:53+08:00 ] 127.0.0.1 /Home/Index
ERR: 模板不存在:./web/Home/View/Index/index.html

[ 2016-05-14T00:20:47+08:00 ] 127.0.0.1 /Home/Register
ERR: 模板不存在:./web/Home/View/Register/index.html

[ 2016-05-14T00:21:22+08:00 ] 127.0.0.1 /Home/Register/verify.html
ERR: 非法操作:verify

[ 2016-05-14T00:23:54+08:00 ] 127.0.0.1 /Home/Register/verify.html
ERR: 非法操作:verify

[ 2016-05-14T00:26:15+08:00 ] 127.0.0.1 /Home/Register/verify.html
ERR: 非法操作:verify

[ 2016-05-14T00:27:17+08:00 ] 127.0.0.1 /Home/Register/verify.html
ERR: 非法操作:verify

[ 2016-05-14T00:43:06+08:00 ] 127.0.0.1 /Home/Register/verify.html
ERR: 非法操作:verify

[ 2016-05-14T00:43:19+08:00 ] 127.0.0.1 /Home/Register/verify.html
ERR: 非法操作:verify

[ 2016-05-14T01:05:42+08:00 ] 127.0.0.1 /Home/Login
ERR: 无法加载控制器:Login

[ 2016-05-14T01:13:00+08:00 ] 127.0.0.1 /Home/Login
ERR: 非法操作:index

[ 2016-05-14T01:14:21+08:00 ] 127.0.0.1 /Home/Login/verify.html
ERR: 非法操作:verify

[ 2016-05-14T01:32:30+08:00 ] 127.0.0.1 /Home/Login/verify.html
ERR: 非法操作:verify

[ 2016-05-14T01:32:37+08:00 ] 127.0.0.1 /Home/Login/verify.html/0.8438987857662141
ERR: 非法操作:verify.html

[ 2016-05-14T01:32:37+08:00 ] 127.0.0.1 /Home/Login/verify.html/0.5591624898370355
ERR: 非法操作:verify.html

[ 2016-05-14T01:39:20+08:00 ] 127.0.0.1 /Home/Login/CreateVcode.html/0.7212868828792125
ERR: 非法操作:CreateVcode.html

[ 2016-05-14T01:40:51+08:00 ] 127.0.0.1 /Home/Login/CreateVcode.html/0.438100254163146
ERR: 非法操作:CreateVcode.html

[ 2016-05-14T01:40:51+08:00 ] 127.0.0.1 /Home/Login/CreateVcode.html/0.438100254163146?a
ERR: 非法操作:CreateVcode.html

[ 2016-05-14T01:40:51+08:00 ] 127.0.0.1 /Home/Login/CreateVcode.html/0.8595625415910035
ERR: 非法操作:CreateVcode.html

[ 2016-05-14T01:43:14+08:00 ] 127.0.0.1 /Home/Login/CreateVcode.html/0.5318544700276107
ERR: 非法操作:CreateVcode.html

[ 2016-05-14T01:43:15+08:00 ] 127.0.0.1 /Home/Login/CreateVcode.html/0.5318544700276107?a
ERR: 非法操作:CreateVcode.html

[ 2016-05-14T01:43:15+08:00 ] 127.0.0.1 /Home/Login/CreateVcode.html/0.1971623101271689
ERR: 非法操作:CreateVcode.html

[ 2016-05-14T01:43:15+08:00 ] 127.0.0.1 /Home/Login/CreateVcode.html/0.1971623101271689?a
ERR: 非法操作:CreateVcode.html

[ 2016-05-14T01:43:15+08:00 ] 127.0.0.1 /Home/Login/CreateVcode.html/0.9197240157518536
ERR: 非法操作:CreateVcode.html

[ 2016-05-14T01:43:15+08:00 ] 127.0.0.1 /Home/Login/CreateVcode.html/0.6691385938320309
ERR: 非法操作:CreateVcode.html

[ 2016-05-14T01:43:15+08:00 ] 127.0.0.1 /Home/Login/CreateVcode.html/0.9197240157518536?a
ERR: 非法操作:CreateVcode.html

[ 2016-05-14T01:43:15+08:00 ] 127.0.0.1 /Home/Login/CreateVcode.html/0.6691385938320309?a
ERR: 非法操作:CreateVcode.html

[ 2016-05-14T01:43:15+08:00 ] 127.0.0.1 /Home/Login/CreateVcode.html/0.6383988056331873
ERR: 非法操作:CreateVcode.html

[ 2016-05-14T01:43:34+08:00 ] 127.0.0.1 /Home/Login/CreateVcode.html/0.5885007074102759
ERR: 非法操作:CreateVcode.html

[ 2016-05-14T01:49:00+08:00 ] 127.0.0.1 /Home/Login/CreateVcode.html/0.5117217525839806
ERR: 非法操作:CreateVcode.html

[ 2016-05-14T01:49:38+08:00 ] 127.0.0.1 /Home/Login/CreateVcode.html/0.0911415065638721
ERR: 非法操作:CreateVcode.html

[ 2016-05-14T01:49:38+08:00 ] 127.0.0.1 /Home/Login/CreateVcode.html1
ERR: 非法操作:CreateVcode.html1

[ 2016-05-14T01:49:50+08:00 ] 127.0.0.1 /Home/Login/CreateVcode.html/0.12499201856553555
ERR: 非法操作:CreateVcode.html

[ 2016-05-14T01:49:55+08:00 ] 127.0.0.1 /Home/Login/CreateVcode.html/0.7209202013909817
ERR: 非法操作:CreateVcode.html

[ 2016-05-14T01:53:36+08:00 ] 127.0.0.1 /Home/Login/CreateVcode.html/0.8287814198993146
ERR: 非法操作:CreateVcode.html

[ 2016-05-14T01:53:37+08:00 ] 127.0.0.1 /Home/Login/CreateVcode.html/0.8287814198993146?a
ERR: 非法操作:CreateVcode.html

[ 2016-05-14T01:53:37+08:00 ] 127.0.0.1 /Home/Login/CreateVcode.html/0.15191260818392038
ERR: 非法操作:CreateVcode.html

[ 2016-05-14T01:53:37+08:00 ] 127.0.0.1 /Home/Login/CreateVcode.html/0.007468463620170951
ERR: 非法操作:CreateVcode.html

[ 2016-05-14T01:53:37+08:00 ] 127.0.0.1 /Home/Login/CreateVcode.html/0.15191260818392038?a
ERR: 非法操作:CreateVcode.html

[ 2016-05-14T01:53:38+08:00 ] 127.0.0.1 /Home/Login/CreateVcode.html/0.007468463620170951?a
ERR: 非法操作:CreateVcode.html

[ 2016-05-14T01:53:38+08:00 ] 127.0.0.1 /Home/Login/CreateVcode.html/0.5735160356853157
ERR: 非法操作:CreateVcode.html

[ 2016-05-14T01:54:39+08:00 ] 127.0.0.1 /Home/Login/CreateVcode.html+Math.random()
ERR: 非法操作:CreateVcode.html+Math.random()

[ 2016-05-14T01:54:39+08:00 ] 127.0.0.1 /Home/Login/CreateVcode.html/0.7148203053511679
ERR: 非法操作:CreateVcode.html

[ 2016-05-14T01:55:36+08:00 ] 127.0.0.1 /Home/Login/CreateVcode.html0.11113930284045637
ERR: 非法操作:CreateVcode.html0.11113930284045637

[ 2016-05-14T01:55:36+08:00 ] 127.0.0.1 /Home/Login/CreateVcode.html/0.697873983765021
ERR: 非法操作:CreateVcode.html

[ 2016-05-14T01:55:37+08:00 ] 127.0.0.1 /Home/Login/CreateVcode.html0.45930789574049413
ERR: 非法操作:CreateVcode.html0.45930789574049413

[ 2016-05-14T01:55:37+08:00 ] 127.0.0.1 /Home/Login/CreateVcode.html/0.45771277975291014
ERR: 非法操作:CreateVcode.html

[ 2016-05-14T01:56:13+08:00 ] 127.0.0.1 /Home/Login/CreateVcode.html/0.8553561579901725
ERR: 非法操作:CreateVcode.html

[ 2016-05-14T01:56:54+08:00 ] 127.0.0.1 /Home/Login/CreateVcode.html0.4281086272094399
ERR: 非法操作:CreateVcode.html0.4281086272094399

[ 2016-05-14T01:56:54+08:00 ] 127.0.0.1 /Home/Login/CreateVcode.html/0.8185491873882711
ERR: 非法操作:CreateVcode.html

[ 2016-05-14T01:57:02+08:00 ] 127.0.0.1 /Home/Login/CreateVcode.html0.45222722669132054
ERR: 非法操作:CreateVcode.html0.45222722669132054

[ 2016-05-14T01:57:02+08:00 ] 127.0.0.1 /Home/Login/CreateVcode.html/0.8496644962579012
ERR: 非法操作:CreateVcode.html

[ 2016-05-14T01:57:03+08:00 ] 127.0.0.1 /Home/Login/CreateVcode.html0.40679774549789727
ERR: 非法操作:CreateVcode.html0.40679774549789727

[ 2016-05-14T01:57:03+08:00 ] 127.0.0.1 /Home/Login/CreateVcode.html/0.5503135391045362
ERR: 非法操作:CreateVcode.html

[ 2016-05-14T01:57:04+08:00 ] 127.0.0.1 /Home/Login/CreateVcode.html0.16925611719489098
ERR: 非法操作:CreateVcode.html0.16925611719489098

[ 2016-05-14T01:57:04+08:00 ] 127.0.0.1 /Home/Login/CreateVcode.html/0.7377156142611057
ERR: 非法操作:CreateVcode.html

[ 2016-05-14T01:57:04+08:00 ] 127.0.0.1 /Home/Login/CreateVcode.html/0.831398498499766
ERR: 非法操作:CreateVcode.html

[ 2016-05-14T01:57:04+08:00 ] 127.0.0.1 /Home/Login/CreateVcode.html0.8030963544733822
ERR: 非法操作:CreateVcode.html0.8030963544733822

[ 2016-05-14T01:57:04+08:00 ] 127.0.0.1 /Home/Login/CreateVcode.html0.18951156502589583
ERR: 非法操作:CreateVcode.html0.18951156502589583

[ 2016-05-14T01:57:05+08:00 ] 127.0.0.1 /Home/Login/CreateVcode.html/0.8939333690796047
ERR: 非法操作:CreateVcode.html

[ 2016-05-14T01:57:05+08:00 ] 127.0.0.1 /Home/Login/CreateVcode.html0.44592811027541757
ERR: 非法操作:CreateVcode.html0.44592811027541757

[ 2016-05-14T01:57:05+08:00 ] 127.0.0.1 /Home/Login/CreateVcode.html/0.23494373634457588
ERR: 非法操作:CreateVcode.html

[ 2016-05-14T01:57:05+08:00 ] 127.0.0.1 /Home/Login/CreateVcode.html/0.5471336836926639
ERR: 非法操作:CreateVcode.html

[ 2016-05-14T01:57:05+08:00 ] 127.0.0.1 /Home/Login/CreateVcode.html0.0832340766210109
ERR: 非法操作:CreateVcode.html0.0832340766210109

[ 2016-05-14T01:57:09+08:00 ] 127.0.0.1 /Home/Login/CreateVcode.html0.3016839101910591
ERR: 非法操作:CreateVcode.html0.3016839101910591

[ 2016-05-14T01:57:09+08:00 ] 127.0.0.1 /Home/Login/CreateVcode.html/0.4231862484011799
ERR: 非法操作:CreateVcode.html

[ 2016-05-14T01:58:10+08:00 ] 127.0.0.1 /Home/Login/CreateVcode.html/0.0857672009151429
ERR: 非法操作:CreateVcode.html

[ 2016-05-14T01:59:22+08:00 ] 127.0.0.1 /Home/Login/CreateVcode.html/0.4187739712651819
ERR: 非法操作:CreateVcode.html

[ 2016-05-14T02:00:05+08:00 ] 127.0.0.1 /Home/Login/CreateVcode.html/0.19169562146998942
ERR: 非法操作:CreateVcode.html

[ 2016-05-14T02:05:07+08:00 ] 127.0.0.1 /Home/Login/CreateVcode.html0.535948519827798
ERR: 非法操作:CreateVcode.html0.535948519827798

[ 2016-05-14T02:05:07+08:00 ] 127.0.0.1 /Home/Login/CreateVcode.html/0.019664000952616334
ERR: 非法操作:CreateVcode.html

[ 2016-05-14T02:05:08+08:00 ] 127.0.0.1 /Home/Login/CreateVcode.html/0.506164871621877
ERR: 非法操作:CreateVcode.html

[ 2016-05-14T02:05:08+08:00 ] 127.0.0.1 /Home/Login/CreateVcode.html/0.0196640009526163340.49681975063867867
ERR: 非法操作:CreateVcode.html

[ 2016-05-14T02:05:16+08:00 ] 127.0.0.1 /Home/Login/CreateVcode.html/0.2453120497521013
ERR: 非法操作:CreateVcode.html

[ 2016-05-14T02:05:23+08:00 ] 127.0.0.1 /Home/Login/CreateVcode.html/0.42527166684158146
ERR: 非法操作:CreateVcode.html

[ 2016-05-14T02:05:25+08:00 ] 127.0.0.1 /Home/Login/CreateVcode.html/0.6511423378251493
ERR: 非法操作:CreateVcode.html

[ 2016-05-14T02:05:25+08:00 ] 127.0.0.1 /Home/Login/CreateVcode.html/0.42527166684158146?a
ERR: 非法操作:CreateVcode.html

[ 2016-05-14T02:05:25+08:00 ] 127.0.0.1 /Home/Login/CreateVcode.html/0.6511423378251493?a
ERR: 非法操作:CreateVcode.html

[ 2016-05-14T02:05:26+08:00 ] 127.0.0.1 /Home/Login/CreateVcode.html/0.1406473102979362
ERR: 非法操作:CreateVcode.html

[ 2016-05-14T02:05:26+08:00 ] 127.0.0.1 /Home/Login/CreateVcode.html/0.1406473102979362?a
ERR: 非法操作:CreateVcode.html

[ 2016-05-14T02:05:26+08:00 ] 127.0.0.1 /Home/Login/CreateVcode.html/0.9230125041212887
ERR: 非法操作:CreateVcode.html

[ 2016-05-14T02:05:27+08:00 ] 127.0.0.1 /Home/Login/CreateVcode.html/0.9230125041212887?a
ERR: 非法操作:CreateVcode.html

[ 2016-05-14T02:05:27+08:00 ] 127.0.0.1 /Home/Login/CreateVcode.html/0.8035229879897088
ERR: 非法操作:CreateVcode.html

[ 2016-05-14T02:05:27+08:00 ] 127.0.0.1 /Home/Login/CreateVcode.html/0.5856195543892682
ERR: 非法操作:CreateVcode.html

[ 2016-05-14T02:05:27+08:00 ] 127.0.0.1 /Home/Login/CreateVcode.html/0.8035229879897088?a
ERR: 非法操作:CreateVcode.html

[ 2016-05-14T02:05:27+08:00 ] 127.0.0.1 /Home/Login/CreateVcode.html/0.5856195543892682?a
ERR: 非法操作:CreateVcode.html

[ 2016-05-14T02:05:27+08:00 ] 127.0.0.1 /Home/Login/CreateVcode.html/0.8967534981202334
ERR: 非法操作:CreateVcode.html

[ 2016-05-14T02:05:27+08:00 ] 127.0.0.1 /Home/Login/CreateVcode.html/0.8967534981202334?a
ERR: 非法操作:CreateVcode.html

[ 2016-05-14T02:05:27+08:00 ] 127.0.0.1 /Home/Login/CreateVcode.html/0.45136552513577044
ERR: 非法操作:CreateVcode.html

[ 2016-05-14T02:05:28+08:00 ] 127.0.0.1 /Home/Login/CreateVcode.html/0.45136552513577044?a
ERR: 非法操作:CreateVcode.html

[ 2016-05-14T02:05:28+08:00 ] 127.0.0.1 /Home/Login/CreateVcode.html/0.17701694904826581
ERR: 非法操作:CreateVcode.html

[ 2016-05-14T02:05:38+08:00 ] 127.0.0.1 /Home/Login/CreateVcode.html/0.4211692688986659
ERR: 非法操作:CreateVcode.html

[ 2016-05-14T02:05:39+08:00 ] 127.0.0.1 /Home/Login/CreateVcode.html/0.4211692688986659
ERR: 非法操作:CreateVcode.html

[ 2016-05-14T02:05:39+08:00 ] 127.0.0.1 /Home/Login/CreateVcode.html/0.6602896002586931
ERR: 非法操作:CreateVcode.html

[ 2016-05-14T11:37:13+08:00 ] 127.0.0.1 /Home/Login/CreateVcode.html/0.7943987934850156
ERR: 非法操作:CreateVcode.html

[ 2016-05-14T11:38:25+08:00 ] 127.0.0.1 /Home/Login/CreateVcode.html/0.6432875010650605
ERR: 非法操作:CreateVcode.html

[ 2016-05-14T11:38:30+08:00 ] 127.0.0.1 /Home/Login/CreateVcode.html/0.6432875010650605?a
ERR: 非法操作:CreateVcode.html

[ 2016-05-14T11:38:30+08:00 ] 127.0.0.1 /Home/Login/CreateVcode.html/0.43221612740308046
ERR: 非法操作:CreateVcode.html

[ 2016-05-14T11:38:31+08:00 ] 127.0.0.1 /Home/Login/CreateVcode.html/0.8367419340647757
ERR: 非法操作:CreateVcode.html

[ 2016-05-14T11:38:31+08:00 ] 127.0.0.1 /Home/Login/CreateVcode.html/0.43221612740308046?a
ERR: 非法操作:CreateVcode.html

[ 2016-05-14T11:38:33+08:00 ] 127.0.0.1 /Home/Login/CreateVcode.html/0.8367419340647757?a
ERR: 非法操作:CreateVcode.html

[ 2016-05-14T11:38:33+08:00 ] 127.0.0.1 /Home/Login/CreateVcode.html/0.3780603790655732
ERR: 非法操作:CreateVcode.html

[ 2016-05-14T11:38:49+08:00 ] 127.0.0.1 /Home/Login/CreateVcode.html/0.5034024210181087
ERR: 非法操作:CreateVcode.html

[ 2016-05-14T11:45:16+08:00 ] 127.0.0.1 /Home/Login/CreateVcode.html/0.6050943415611982
ERR: 非法操作:CreateVcode.html

[ 2016-05-14T11:45:17+08:00 ] 127.0.0.1 /Home/Login/CreateVcode.html/0.6050943415611982?a
ERR: 非法操作:CreateVcode.html

[ 2016-05-14T11:45:17+08:00 ] 127.0.0.1 /Home/Login/CreateVcode.html/0.786170627688989
ERR: 非法操作:CreateVcode.html

[ 2016-05-14T11:45:18+08:00 ] 127.0.0.1 /Home/Login/CreateVcode.html/0.6913134071510285
ERR: 非法操作:CreateVcode.html

[ 2016-05-14T11:45:18+08:00 ] 127.0.0.1 /Home/Login/CreateVcode.html/0.786170627688989?a
ERR: 非法操作:CreateVcode.html

[ 2016-05-14T11:45:31+08:00 ] 127.0.0.1 /Home/Login/CreateVcode.html/0.6646822197362781
ERR: 非法操作:CreateVcode.html

[ 2016-05-14T11:45:40+08:00 ] 127.0.0.1 /Home/Login/CreateVcode.html/0.9898237909656018
ERR: 非法操作:CreateVcode.html

[ 2016-05-14T11:45:48+08:00 ] 127.0.0.1 /Home/Login/CreateVcode.html/0.5599061658140272
ERR: 非法操作:CreateVcode.html

[ 2016-05-14T11:45:49+08:00 ] 127.0.0.1 /Home/Login/CreateVcode.html/0.5599061658140272?a
ERR: 非法操作:CreateVcode.html

[ 2016-05-14T11:45:49+08:00 ] 127.0.0.1 /Home/Login/CreateVcode.html/0.28154088486917317
ERR: 非法操作:CreateVcode.html

[ 2016-05-14T11:46:19+08:00 ] 127.0.0.1 /Home/Login/CreateVcode.html/0.723154800478369
ERR: 非法操作:CreateVcode.html

[ 2016-05-14T12:13:02+08:00 ] 127.0.0.1 /Home/Login/register
ERR: 模板不存在:./web/Home/View/Login/register.html

[ 2016-05-14T12:13:14+08:00 ] 127.0.0.1 /Home/default/Login/register
ERR: 无法加载控制器:Default

[ 2016-05-14T12:13:43+08:00 ] 127.0.0.1 /Home/default/Login
ERR: 无法加载控制器:Default

[ 2016-05-14T12:14:17+08:00 ] 127.0.0.1 /Home/Login
ERR: 模板不存在:./web/Home/View/Login/index.html

[ 2016-05-14T12:15:10+08:00 ] 127.0.0.1 /Home/Default/Login
ERR: 无法加载控制器:Default

[ 2016-05-14T14:34:36+08:00 ] 127.0.0.1 /Home/Login/checkAccount.html
INFO: [ app_begin ] --START--
INFO: Run Behavior\ReadHtmlCacheBehavior [ RunTime:0.000000s ]
INFO: [ app_begin ] --END-- [ RunTime:0.002000s ]
SQL: SHOW COLUMNS FROM `wb_user` [ RunTime:0.003000s ]
SQL: SELECT * FROM `wb_user` WHERE ( account = "123@qq.com" )  [ RunTime:0.000000s ]
INFO: [ app_end ] --START--
INFO: Run Behavior\ShowPageTraceBehavior [ RunTime:0.001000s ]
INFO: [ app_end ] --END-- [ RunTime:0.001000s ]

[ 2016-05-14T14:34:46+08:00 ] 127.0.0.1 /Home/Login/checkAccount.html
INFO: [ app_begin ] --START--
INFO: Run Behavior\ReadHtmlCacheBehavior [ RunTime:0.001000s ]
INFO: [ app_begin ] --END-- [ RunTime:0.001000s ]
SQL: SHOW COLUMNS FROM `wb_user` [ RunTime:0.003000s ]
SQL: SELECT * FROM `wb_user` WHERE ( account = "110572224@qq.com" )  [ RunTime:0.000000s ]
INFO: [ app_end ] --START--
INFO: Run Behavior\ShowPageTraceBehavior [ RunTime:0.001000s ]
INFO: [ app_end ] --END-- [ RunTime:0.001000s ]

[ 2016-05-14T14:36:01+08:00 ] 127.0.0.1 /Home/Login/checkAccount.html
INFO: [ app_begin ] --START--
INFO: Run Behavior\ReadHtmlCacheBehavior [ RunTime:0.000000s ]
INFO: [ app_begin ] --END-- [ RunTime:0.001000s ]
SQL: SHOW COLUMNS FROM `wb_user` [ RunTime:0.003001s ]
SQL: SELECT * FROM `wb_user` WHERE ( account = "110572224@qq.cof32m" )  [ RunTime:0.000000s ]
INFO: [ app_end ] --START--
INFO: Run Behavior\ShowPageTraceBehavior [ RunTime:0.000000s ]
INFO: [ app_end ] --END-- [ RunTime:0.000000s ]

[ 2016-05-14T14:36:46+08:00 ] 127.0.0.1 /Home/Login/checkAccount.html
INFO: [ app_begin ] --START--
INFO: Run Behavior\ReadHtmlCacheBehavior [ RunTime:0.001000s ]
INFO: [ app_begin ] --END-- [ RunTime:0.001000s ]
SQL: SHOW COLUMNS FROM `wb_user` [ RunTime:0.004000s ]
SQL: SELECT * FROM `wb_user` WHERE ( account = "110572224@qq.com" )  [ RunTime:0.001000s ]
INFO: [ app_end ] --START--
INFO: Run Behavior\ShowPageTraceBehavior [ RunTime:0.001000s ]
INFO: [ app_end ] --END-- [ RunTime:0.001000s ]

[ 2016-05-14T14:37:02+08:00 ] 127.0.0.1 /Home/Login/checkAccount.html
INFO: [ app_begin ] --START--
INFO: Run Behavior\ReadHtmlCacheBehavior [ RunTime:0.001000s ]
INFO: [ app_begin ] --END-- [ RunTime:0.001000s ]
SQL: SHOW COLUMNS FROM `wb_user` [ RunTime:0.003001s ]
SQL: SELECT * FROM `wb_user` WHERE ( account = "110572224@qq.com" )  [ RunTime:0.000000s ]
INFO: [ app_end ] --START--
INFO: Run Behavior\ShowPageTraceBehavior [ RunTime:0.000000s ]
INFO: [ app_end ] --END-- [ RunTime:0.000000s ]

[ 2016-05-14T14:37:04+08:00 ] 127.0.0.1 /Home/Login/checkAccount.html
INFO: [ app_begin ] --START--
INFO: Run Behavior\ReadHtmlCacheBehavior [ RunTime:0.001000s ]
INFO: [ app_begin ] --END-- [ RunTime:0.002000s ]
SQL: SHOW COLUMNS FROM `wb_user` [ RunTime:0.003001s ]
SQL: SELECT * FROM `wb_user` WHERE ( account = "110572224@qq.com" )  [ RunTime:0.001000s ]
INFO: [ app_end ] --START--
INFO: Run Behavior\ShowPageTraceBehavior [ RunTime:0.000000s ]
INFO: [ app_end ] --END-- [ RunTime:0.001000s ]

[ 2016-05-14T14:37:07+08:00 ] 127.0.0.1 /Home/Login/checkAccount.html
INFO: [ app_begin ] --START--
INFO: Run Behavior\ReadHtmlCacheBehavior [ RunTime:0.001000s ]
INFO: [ app_begin ] --END-- [ RunTime:0.002000s ]
SQL: SHOW COLUMNS FROM `wb_user` [ RunTime:0.003001s ]
SQL: SELECT * FROM `wb_user` WHERE ( account = "110524@qq.com" )  [ RunTime:0.000000s ]
INFO: [ app_end ] --START--
INFO: Run Behavior\ShowPageTraceBehavior [ RunTime:0.000000s ]
INFO: [ app_end ] --END-- [ RunTime:0.001000s ]

[ 2016-05-14T14:37:17+08:00 ] 127.0.0.1 /Home/Login/checkAccount.html
INFO: [ app_begin ] --START--
INFO: Run Behavior\ReadHtmlCacheBehavior [ RunTime:0.001000s ]
INFO: [ app_begin ] --END-- [ RunTime:0.001000s ]
SQL: SHOW COLUMNS FROM `wb_user` [ RunTime:0.004000s ]
SQL: SELECT * FROM `wb_user` WHERE ( account = "110572224@qq.com" )  [ RunTime:0.001000s ]
INFO: [ app_end ] --START--
INFO: Run Behavior\ShowPageTraceBehavior [ RunTime:0.001000s ]
INFO: [ app_end ] --END-- [ RunTime:0.001000s ]

[ 2016-05-14T14:37:19+08:00 ] 127.0.0.1 /Home/Login/checkAccount.html
INFO: [ app_begin ] --START--
INFO: Run Behavior\ReadHtmlCacheBehavior [ RunTime:0.001000s ]
INFO: [ app_begin ] --END-- [ RunTime:0.001000s ]
SQL: SHOW COLUMNS FROM `wb_user` [ RunTime:0.003000s ]
SQL: SELECT * FROM `wb_user` WHERE ( account = "1122224@qq.com" )  [ RunTime:0.001000s ]
INFO: [ app_end ] --START--
INFO: Run Behavior\ShowPageTraceBehavior [ RunTime:0.000000s ]
INFO: [ app_end ] --END-- [ RunTime:0.001000s ]

[ 2016-05-14T14:38:50+08:00 ] 127.0.0.1 /Home/Login/checkAccount.html
INFO: [ app_begin ] --START--
INFO: Run Behavior\ReadHtmlCacheBehavior [ RunTime:0.001000s ]
INFO: [ app_begin ] --END-- [ RunTime:0.001000s ]
SQL: SHOW COLUMNS FROM `wb_user` [ RunTime:0.004000s ]
SQL: SELECT * FROM `wb_user` WHERE ( account = "110572224@qq.com" )  [ RunTime:0.001001s ]
INFO: [ app_end ] --START--
INFO: Run Behavior\ShowPageTraceBehavior [ RunTime:0.001000s ]
INFO: [ app_end ] --END-- [ RunTime:0.001000s ]

[ 2016-05-14T14:38:52+08:00 ] 127.0.0.1 /Home/Login/checkAccount.html
INFO: [ app_begin ] --START--
INFO: Run Behavior\ReadHtmlCacheBehavior [ RunTime:0.001000s ]
INFO: [ app_begin ] --END-- [ RunTime:0.001000s ]
SQL: SHOW COLUMNS FROM `wb_user` [ RunTime:0.003000s ]
SQL: SELECT * FROM `wb_user` WHERE ( account = "1102224@qq.com" )  [ RunTime:0.001000s ]
INFO: [ app_end ] --START--
INFO: Run Behavior\ShowPageTraceBehavior [ RunTime:0.001000s ]
INFO: [ app_end ] --END-- [ RunTime:0.001000s ]

[ 2016-05-14T14:39:45+08:00 ] 127.0.0.1 /Home/Login/checkAccount.html
INFO: [ app_begin ] --START--
INFO: Run Behavior\ReadHtmlCacheBehavior [ RunTime:0.000000s ]
INFO: [ app_begin ] --END-- [ RunTime:0.001000s ]
SQL: SHOW COLUMNS FROM `wb_user` [ RunTime:0.005000s ]
SQL: SELECT * FROM `wb_user` WHERE ( account = "1102224@qq.com" )  [ RunTime:0.001000s ]
INFO: [ app_end ] --START--
INFO: Run Behavior\ShowPageTraceBehavior [ RunTime:0.001000s ]
INFO: [ app_end ] --END-- [ RunTime:0.001000s ]

[ 2016-05-14T14:39:46+08:00 ] 127.0.0.1 /Home/Login/checkAccount.html
INFO: [ app_begin ] --START--
INFO: Run Behavior\ReadHtmlCacheBehavior [ RunTime:0.000000s ]
INFO: [ app_begin ] --END-- [ RunTime:0.001001s ]
SQL: SHOW COLUMNS FROM `wb_user` [ RunTime:0.004000s ]
SQL: SELECT * FROM `wb_user` WHERE ( account = "1102224@qq.com" )  [ RunTime:0.000000s ]
INFO: [ app_end ] --START--
INFO: Run Behavior\ShowPageTraceBehavior [ RunTime:0.000000s ]
INFO: [ app_end ] --END-- [ RunTime:0.001001s ]

[ 2016-05-14T14:39:51+08:00 ] 127.0.0.1 /Home/Login/checkAccount.html
INFO: [ app_begin ] --START--
INFO: Run Behavior\ReadHtmlCacheBehavior [ RunTime:0.001000s ]
INFO: [ app_begin ] --END-- [ RunTime:0.001000s ]
SQL: SHOW COLUMNS FROM `wb_user` [ RunTime:0.003000s ]
SQL: SELECT * FROM `wb_user` WHERE ( account = "1102224@qq.com" )  [ RunTime:0.000000s ]
INFO: [ app_end ] --START--
INFO: Run Behavior\ShowPageTraceBehavior [ RunTime:0.000000s ]
INFO: [ app_end ] --END-- [ RunTime:0.001000s ]

[ 2016-05-14T14:40:14+08:00 ] 127.0.0.1 /Home/Login/checkAccount.html
INFO: [ app_begin ] --START--
INFO: Run Behavior\ReadHtmlCacheBehavior [ RunTime:0.000000s ]
INFO: [ app_begin ] --END-- [ RunTime:0.001000s ]
SQL: SHOW COLUMNS FROM `wb_user` [ RunTime:0.004000s ]
SQL: SELECT * FROM `wb_user` WHERE ( account = "110572224@qq.com" )  [ RunTime:0.000000s ]
INFO: [ app_end ] --START--
INFO: Run Behavior\ShowPageTraceBehavior [ RunTime:0.001000s ]
INFO: [ app_end ] --END-- [ RunTime:0.001000s ]

[ 2016-05-14T14:40:17+08:00 ] 127.0.0.1 /Home/Login/checkAccount.html
INFO: [ app_begin ] --START--
INFO: Run Behavior\ReadHtmlCacheBehavior [ RunTime:0.001000s ]
INFO: [ app_begin ] --END-- [ RunTime:0.001000s ]
SQL: SHOW COLUMNS FROM `wb_user` [ RunTime:0.003000s ]
SQL: SELECT * FROM `wb_user` WHERE ( account = "110572224@q2q.com" )  [ RunTime:0.000000s ]
INFO: [ app_end ] --START--
INFO: Run Behavior\ShowPageTraceBehavior [ RunTime:0.000000s ]
INFO: [ app_end ] --END-- [ RunTime:0.000000s ]

[ 2016-05-14T14:40:50+08:00 ] 127.0.0.1 /Home/Login/checkAccount.html
INFO: [ app_begin ] --START--
INFO: Run Behavior\ReadHtmlCacheBehavior [ RunTime:0.001001s ]
INFO: [ app_begin ] --END-- [ RunTime:0.001001s ]
SQL: SHOW COLUMNS FROM `wb_user` [ RunTime:0.004000s ]
SQL: SELECT * FROM `wb_user` WHERE ( account = "110572224@qq.com" )  [ RunTime:0.000000s ]
INFO: [ app_end ] --START--
INFO: Run Behavior\ShowPageTraceBehavior [ RunTime:0.001000s ]
INFO: [ app_end ] --END-- [ RunTime:0.001000s ]

[ 2016-05-14T14:40:52+08:00 ] 127.0.0.1 /Home/Login/checkAccount.html
INFO: [ app_begin ] --START--
INFO: Run Behavior\ReadHtmlCacheBehavior [ RunTime:0.001000s ]
INFO: [ app_begin ] --END-- [ RunTime:0.001000s ]
SQL: SHOW COLUMNS FROM `wb_user` [ RunTime:0.004000s ]
SQL: SELECT * FROM `wb_user` WHERE ( account = "1105722224@qq.com" )  [ RunTime:0.001000s ]
INFO: [ app_end ] --START--
INFO: Run Behavior\ShowPageTraceBehavior [ RunTime:0.001000s ]
INFO: [ app_end ] --END-- [ RunTime:0.001000s ]

[ 2016-05-14T14:41:07+08:00 ] 127.0.0.1 /Home/Login/checkAccount.html
INFO: [ app_begin ] --START--
INFO: Run Behavior\ReadHtmlCacheBehavior [ RunTime:0.001000s ]
INFO: [ app_begin ] --END-- [ RunTime:0.001000s ]
SQL: SHOW COLUMNS FROM `wb_user` [ RunTime:0.004000s ]
SQL: SELECT * FROM `wb_user` WHERE ( account = "110572224@qq.com" )  [ RunTime:0.001000s ]
INFO: [ app_end ] --START--
INFO: Run Behavior\ShowPageTraceBehavior [ RunTime:0.001000s ]
INFO: [ app_end ] --END-- [ RunTime:0.001000s ]

[ 2016-05-14T14:41:12+08:00 ] 127.0.0.1 /Home/Login/checkAccount.html
INFO: [ app_begin ] --START--
INFO: Run Behavior\ReadHtmlCacheBehavior [ RunTime:0.001000s ]
INFO: [ app_begin ] --END-- [ RunTime:0.002000s ]
SQL: SHOW COLUMNS FROM `wb_user` [ RunTime:0.004000s ]
SQL: SELECT * FROM `wb_user` WHERE ( account = "110572224@qq.com" )  [ RunTime:0.000000s ]
INFO: [ app_end ] --START--
INFO: Run Behavior\ShowPageTraceBehavior [ RunTime:0.000000s ]
INFO: [ app_end ] --END-- [ RunTime:0.001000s ]

[ 2016-05-14T14:41:21+08:00 ] 127.0.0.1 /Home/Login/checkAccount.html
INFO: [ app_begin ] --START--
INFO: Run Behavior\ReadHtmlCacheBehavior [ RunTime:0.000000s ]
INFO: [ app_begin ] --END-- [ RunTime:0.001000s ]
SQL: SHOW COLUMNS FROM `wb_user` [ RunTime:0.003001s ]
SQL: SELECT * FROM `wb_user` WHERE ( account = "110572224@qq.com" )  [ RunTime:0.000000s ]
INFO: [ app_end ] --START--
INFO: Run Behavior\ShowPageTraceBehavior [ RunTime:0.001000s ]
INFO: [ app_end ] --END-- [ RunTime:0.001000s ]

[ 2016-05-14T14:41:26+08:00 ] 127.0.0.1 /Home/Login/checkAccount.html
INFO: [ app_begin ] --START--
INFO: Run Behavior\ReadHtmlCacheBehavior [ RunTime:0.001000s ]
INFO: [ app_begin ] --END-- [ RunTime:0.001000s ]
SQL: SHOW COLUMNS FROM `wb_user` [ RunTime:0.003000s ]
SQL: SELECT * FROM `wb_user` WHERE ( account = "1105722224@qq.com" )  [ RunTime:0.000000s ]
INFO: [ app_end ] --START--
INFO: Run Behavior\ShowPageTraceBehavior [ RunTime:0.000000s ]
INFO: [ app_end ] --END-- [ RunTime:0.000000s ]

[ 2016-05-14T14:47:23+08:00 ] 127.0.0.1 /Home/Login/checkAccount.html
INFO: [ app_begin ] --START--
INFO: Run Behavior\ReadHtmlCacheBehavior [ RunTime:0.000000s ]
INFO: [ app_begin ] --END-- [ RunTime:0.002000s ]
SQL: SHOW COLUMNS FROM `wb_user` [ RunTime:0.004000s ]
SQL: SELECT * FROM `wb_user` WHERE ( account = "1105722224@qq.com" )  [ RunTime:0.001000s ]
INFO: [ app_end ] --START--
INFO: Run Behavior\ShowPageTraceBehavior [ RunTime:0.001000s ]
INFO: [ app_end ] --END-- [ RunTime:0.001000s ]

[ 2016-05-14T14:48:28+08:00 ] 127.0.0.1 /Home/Login/checkAccount.html
INFO: [ app_begin ] --START--
INFO: Run Behavior\ReadHtmlCacheBehavior [ RunTime:0.001000s ]
INFO: [ app_begin ] --END-- [ RunTime:0.001000s ]
SQL: SHOW COLUMNS FROM `wb_user` [ RunTime:0.004000s ]
SQL: SELECT * FROM `wb_user` WHERE ( account = "1105722224@qq.com" )  [ RunTime:0.001000s ]
INFO: [ app_end ] --START--
INFO: Run Behavior\ShowPageTraceBehavior [ RunTime:0.001000s ]
INFO: [ app_end ] --END-- [ RunTime:0.001000s ]

[ 2016-05-14T14:48:29+08:00 ] 127.0.0.1 /Home/Login/checkAccount.html
INFO: [ app_begin ] --START--
INFO: Run Behavior\ReadHtmlCacheBehavior [ RunTime:0.000000s ]
INFO: [ app_begin ] --END-- [ RunTime:0.001000s ]
SQL: SHOW COLUMNS FROM `wb_user` [ RunTime:0.003000s ]
SQL: SELECT * FROM `wb_user` WHERE ( account = "1105722224@qq.com" )  [ RunTime:0.000000s ]
INFO: [ app_end ] --START--
INFO: Run Behavior\ShowPageTraceBehavior [ RunTime:0.001000s ]
INFO: [ app_end ] --END-- [ RunTime:0.001000s ]

[ 2016-05-14T14:48:32+08:00 ] 127.0.0.1 /Home/Login/checkAccount.html
INFO: [ app_begin ] --START--
INFO: Run Behavior\ReadHtmlCacheBehavior [ RunTime:0.000000s ]
INFO: [ app_begin ] --END-- [ RunTime:0.001000s ]
SQL: SHOW COLUMNS FROM `wb_user` [ RunTime:0.003000s ]
SQL: SELECT * FROM `wb_user` WHERE ( account = "1105722224@qq.com" )  [ RunTime:0.001000s ]
INFO: [ app_end ] --START--
INFO: Run Behavior\ShowPageTraceBehavior [ RunTime:0.001000s ]
INFO: [ app_end ] --END-- [ RunTime:0.001000s ]

[ 2016-05-14T14:48:37+08:00 ] 127.0.0.1 /Home/Login/checkAccount.html
INFO: [ app_begin ] --START--
INFO: Run Behavior\ReadHtmlCacheBehavior [ RunTime:0.001000s ]
INFO: [ app_begin ] --END-- [ RunTime:0.001000s ]
SQL: SHOW COLUMNS FROM `wb_user` [ RunTime:0.003000s ]
SQL: SELECT * FROM `wb_user` WHERE ( account = "110572224@qq.com" )  [ RunTime:0.001000s ]
INFO: [ app_end ] --START--
INFO: Run Behavior\ShowPageTraceBehavior [ RunTime:0.001000s ]
INFO: [ app_end ] --END-- [ RunTime:0.001000s ]

[ 2016-05-14T14:48:45+08:00 ] 127.0.0.1 /Home/Login/checkAccount.html
INFO: [ app_begin ] --START--
INFO: Run Behavior\ReadHtmlCacheBehavior [ RunTime:0.000000s ]
INFO: [ app_begin ] --END-- [ RunTime:0.001000s ]
SQL: SHOW COLUMNS FROM `wb_user` [ RunTime:0.004000s ]
SQL: SELECT * FROM `wb_user` WHERE ( account = "1102572224@qq.com" )  [ RunTime:0.000000s ]
INFO: [ app_end ] --START--
INFO: Run Behavior\ShowPageTraceBehavior [ RunTime:0.001000s ]
INFO: [ app_end ] --END-- [ RunTime:0.001000s ]

[ 2016-05-14T14:52:33+08:00 ] 127.0.0.1 /Home/Login/checkAccount.html
INFO: [ app_begin ] --START--
INFO: Run Behavior\ReadHtmlCacheBehavior [ RunTime:0.000000s ]
INFO: [ app_begin ] --END-- [ RunTime:0.001000s ]
SQL: SHOW COLUMNS FROM `wb_user` [ RunTime:0.003000s ]
SQL: SELECT * FROM `wb_user` WHERE ( account = "1102572224@qq.com" )  [ RunTime:0.001000s ]
INFO: [ app_end ] --START--
INFO: Run Behavior\ShowPageTraceBehavior [ RunTime:0.001000s ]
INFO: [ app_end ] --END-- [ RunTime:0.001000s ]

[ 2016-05-14T14:52:39+08:00 ] 127.0.0.1 /Home/Login/checkAccount.html
INFO: [ app_begin ] --START--
INFO: Run Behavior\ReadHtmlCacheBehavior [ RunTime:0.001000s ]
INFO: [ app_begin ] --END-- [ RunTime:0.001000s ]
SQL: SHOW COLUMNS FROM `wb_user` [ RunTime:0.004001s ]
SQL: SELECT * FROM `wb_user` WHERE ( account = "1102572224@qq.com" )  [ RunTime:0.000000s ]
INFO: [ app_end ] --START--
INFO: Run Behavior\ShowPageTraceBehavior [ RunTime:0.001000s ]
INFO: [ app_end ] --END-- [ RunTime:0.001000s ]

[ 2016-05-14T14:52:39+08:00 ] 127.0.0.1 /Home/Login/checkAccount.html
INFO: [ app_begin ] --START--
INFO: Run Behavior\ReadHtmlCacheBehavior [ RunTime:0.000000s ]
INFO: [ app_begin ] --END-- [ RunTime:0.001000s ]
SQL: SHOW COLUMNS FROM `wb_user` [ RunTime:0.003000s ]
SQL: SELECT * FROM `wb_user` WHERE ( account = "1102572224@qq.com" )  [ RunTime:0.001000s ]
INFO: [ app_end ] --START--
INFO: Run Behavior\ShowPageTraceBehavior [ RunTime:0.000000s ]
INFO: [ app_end ] --END-- [ RunTime:0.001000s ]

[ 2016-05-14T14:53:25+08:00 ] 127.0.0.1 /Home/Login/checkAccount.html
INFO: [ app_begin ] --START--
INFO: Run Behavior\ReadHtmlCacheBehavior [ RunTime:0.001000s ]
INFO: [ app_begin ] --END-- [ RunTime:0.001000s ]
SQL: SHOW COLUMNS FROM `wb_user` [ RunTime:0.003000s ]
SQL: SELECT * FROM `wb_user` WHERE ( account = "110572224@qq.com" )  [ RunTime:0.000000s ]
INFO: [ app_end ] --START--
INFO: Run Behavior\ShowPageTraceBehavior [ RunTime:0.000000s ]
INFO: [ app_end ] --END-- [ RunTime:0.001000s ]

[ 2016-05-14T14:53:27+08:00 ] 127.0.0.1 /Home/Login/checkAccount.html
INFO: [ app_begin ] --START--
INFO: Run Behavior\ReadHtmlCacheBehavior [ RunTime:0.000000s ]
INFO: [ app_begin ] --END-- [ RunTime:0.001000s ]
SQL: SHOW COLUMNS FROM `wb_user` [ RunTime:0.004000s ]
SQL: SELECT * FROM `wb_user` WHERE ( account = "1102572224@qq.com" )  [ RunTime:0.001001s ]
INFO: [ app_end ] --START--
INFO: Run Behavior\ShowPageTraceBehavior [ RunTime:0.001000s ]
INFO: [ app_end ] --END-- [ RunTime:0.001000s ]

[ 2016-05-14T14:53:53+08:00 ] 127.0.0.1 /Home/Login/checkAccount.html
INFO: [ app_begin ] --START--
INFO: Run Behavior\ReadHtmlCacheBehavior [ RunTime:0.000000s ]
INFO: [ app_begin ] --END-- [ RunTime:0.001000s ]
SQL: SHOW COLUMNS FROM `wb_user` [ RunTime:0.003000s ]
SQL: SELECT * FROM `wb_user` WHERE ( account = "110572224@qq.com" )  [ RunTime:0.001001s ]
INFO: [ app_end ] --START--
INFO: Run Behavior\ShowPageTraceBehavior [ RunTime:0.000000s ]
INFO: [ app_end ] --END-- [ RunTime:0.001000s ]

[ 2016-05-14T14:55:14+08:00 ] 127.0.0.1 /Home/Login/checkAccount.html
INFO: [ app_begin ] --START--
INFO: Run Behavior\ReadHtmlCacheBehavior [ RunTime:0.001000s ]
INFO: [ app_begin ] --END-- [ RunTime:0.002000s ]
SQL: SHOW COLUMNS FROM `wb_user` [ RunTime:0.003000s ]
SQL: SELECT * FROM `wb_user` WHERE ( account = "110572224@qq.com" )  [ RunTime:0.000000s ]
INFO: [ app_end ] --START--
INFO: Run Behavior\ShowPageTraceBehavior [ RunTime:0.001000s ]
INFO: [ app_end ] --END-- [ RunTime:0.001000s ]

[ 2016-05-14T14:55:14+08:00 ] 127.0.0.1 /Home/Login/checkAccount.html
INFO: [ app_begin ] --START--
INFO: Run Behavior\ReadHtmlCacheBehavior [ RunTime:0.000000s ]
INFO: [ app_begin ] --END-- [ RunTime:0.002000s ]
SQL: SHOW COLUMNS FROM `wb_user` [ RunTime:0.003000s ]
SQL: SELECT * FROM `wb_user` WHERE ( account = "110572224@qq.com" )  [ RunTime:0.000000s ]
INFO: [ app_end ] --START--
INFO: Run Behavior\ShowPageTraceBehavior [ RunTime:0.000000s ]
INFO: [ app_end ] --END-- [ RunTime:0.001000s ]

[ 2016-05-14T15:17:27+08:00 ] 127.0.0.1 /Home/Login/login
ERR: 非法操作:login

[ 2016-05-14T15:18:42+08:00 ] 127.0.0.1 /Home/Login/checkAccount.html
INFO: [ app_begin ] --START--
INFO: Run Behavior\ReadHtmlCacheBehavior [ RunTime:0.001000s ]
INFO: [ app_begin ] --END-- [ RunTime:0.001000s ]
SQL: SHOW COLUMNS FROM `wb_user` [ RunTime:0.003000s ]
SQL: SELECT * FROM `wb_user` WHERE ( account = "1105722224@qq.com" )  [ RunTime:0.001000s ]
INFO: [ app_end ] --START--
INFO: Run Behavior\ShowPageTraceBehavior [ RunTime:0.001000s ]
INFO: [ app_end ] --END-- [ RunTime:0.001000s ]

[ 2016-05-14T15:18:49+08:00 ] 127.0.0.1 /Home/Login/checkAccount.html
INFO: [ app_begin ] --START--
INFO: Run Behavior\ReadHtmlCacheBehavior [ RunTime:0.000000s ]
INFO: [ app_begin ] --END-- [ RunTime:0.002000s ]
SQL: SHOW COLUMNS FROM `wb_user` [ RunTime:0.004000s ]
SQL: SELECT * FROM `wb_user` WHERE ( account = "1105722224@qq.com" )  [ RunTime:0.001000s ]
INFO: [ app_end ] --START--
INFO: Run Behavior\ShowPageTraceBehavior [ RunTime:0.001000s ]
INFO: [ app_end ] --END-- [ RunTime:0.001000s ]

[ 2016-05-14T16:10:22+08:00 ] 127.0.0.1 /Home/Login/checkAccount.html
INFO: [ app_begin ] --START--
INFO: Run Behavior\ReadHtmlCacheBehavior [ RunTime:0.001000s ]
INFO: [ app_begin ] --END-- [ RunTime:0.001000s ]
SQL: SHOW COLUMNS FROM `wb_user` [ RunTime:0.003000s ]
SQL: SELECT * FROM `wb_user` WHERE ( account = "1105722224@qq.com" )  [ RunTime:0.001000s ]
INFO: [ app_end ] --START--
INFO: Run Behavior\ShowPageTraceBehavior [ RunTime:0.001000s ]
INFO: [ app_end ] --END-- [ RunTime:0.001000s ]

[ 2016-05-14T16:10:30+08:00 ] 127.0.0.1 /Home/Login/checkAccount.html
INFO: [ app_begin ] --START--
INFO: Run Behavior\ReadHtmlCacheBehavior [ RunTime:0.000000s ]
INFO: [ app_begin ] --END-- [ RunTime:0.001000s ]
SQL: SHOW COLUMNS FROM `wb_user` [ RunTime:0.005000s ]
SQL: SELECT * FROM `wb_user` WHERE ( account = "1105722224@qq.com" )  [ RunTime:0.001001s ]
INFO: [ app_end ] --START--
INFO: Run Behavior\ShowPageTraceBehavior [ RunTime:0.001000s ]
INFO: [ app_end ] --END-- [ RunTime:0.001000s ]

[ 2016-05-14T16:24:07+08:00 ] 127.0.0.1 /Home/Login/checkAccount.html
INFO: [ app_begin ] --START--
INFO: Run Behavior\ReadHtmlCacheBehavior [ RunTime:0.001000s ]
INFO: [ app_begin ] --END-- [ RunTime:0.002000s ]
SQL: SHOW COLUMNS FROM `wb_user` [ RunTime:0.003000s ]
SQL: SELECT * FROM `wb_user` WHERE ( account = "1105722224@qq.com2" )  [ RunTime:0.000000s ]
INFO: [ app_end ] --START--
INFO: Run Behavior\ShowPageTraceBehavior [ RunTime:0.001000s ]
INFO: [ app_end ] --END-- [ RunTime:0.001000s ]

[ 2016-05-14T16:24:12+08:00 ] 127.0.0.1 /Home/Login/checkAccount.html
INFO: [ app_begin ] --START--
INFO: Run Behavior\ReadHtmlCacheBehavior [ RunTime:0.001001s ]
INFO: [ app_begin ] --END-- [ RunTime:0.001001s ]
SQL: SHOW COLUMNS FROM `wb_user` [ RunTime:0.003000s ]
SQL: SELECT * FROM `wb_user` WHERE ( account = "1105722224@qq.com2" )  [ RunTime:0.000000s ]
INFO: [ app_end ] --START--
INFO: Run Behavior\ShowPageTraceBehavior [ RunTime:0.001000s ]
INFO: [ app_end ] --END-- [ RunTime:0.001000s ]

[ 2016-05-14T16:24:36+08:00 ] 127.0.0.1 /Home/Login/checkAccount.html
INFO: [ app_begin ] --START--
INFO: Run Behavior\ReadHtmlCacheBehavior [ RunTime:0.001000s ]
INFO: [ app_begin ] --END-- [ RunTime:0.002000s ]
SQL: SHOW COLUMNS FROM `wb_user` [ RunTime:0.004001s ]
SQL: SELECT * FROM `wb_user` WHERE ( account = "1105722224@qq.com2" )  [ RunTime:0.001000s ]
INFO: [ app_end ] --START--
INFO: Run Behavior\ShowPageTraceBehavior [ RunTime:0.001000s ]
INFO: [ app_end ] --END-- [ RunTime:0.001000s ]

[ 2016-05-14T16:26:06+08:00 ] 127.0.0.1 /Home/Login/checkAccount.html
INFO: [ app_begin ] --START--
INFO: Run Behavior\ReadHtmlCacheBehavior [ RunTime:0.000000s ]
INFO: [ app_begin ] --END-- [ RunTime:0.002000s ]
SQL: SHOW COLUMNS FROM `wb_user` [ RunTime:0.005001s ]
SQL: SELECT * FROM `wb_user` WHERE ( account = "123@qq.com" )  [ RunTime:0.000000s ]
INFO: [ app_end ] --START--
INFO: Run Behavior\ShowPageTraceBehavior [ RunTime:0.001000s ]
INFO: [ app_end ] --END-- [ RunTime:0.001000s ]

[ 2016-05-14T16:26:11+08:00 ] 127.0.0.1 /Home/Login/checkAccount.html
INFO: [ app_begin ] --START--
INFO: Run Behavior\ReadHtmlCacheBehavior [ RunTime:0.001000s ]
INFO: [ app_begin ] --END-- [ RunTime:0.001000s ]
SQL: SHOW COLUMNS FROM `wb_user` [ RunTime:0.004000s ]
SQL: SELECT * FROM `wb_user` WHERE ( account = "123@qq.com" )  [ RunTime:0.000000s ]
INFO: [ app_end ] --START--
INFO: Run Behavior\ShowPageTraceBehavior [ RunTime:0.001000s ]
INFO: [ app_end ] --END-- [ RunTime:0.001000s ]

[ 2016-05-14T16:27:08+08:00 ] 127.0.0.1 /Home/Login/checkAccount.html
INFO: [ app_begin ] --START--
INFO: Run Behavior\ReadHtmlCacheBehavior [ RunTime:0.001000s ]
INFO: [ app_begin ] --END-- [ RunTime:0.001000s ]
SQL: SHOW COLUMNS FROM `wb_user` [ RunTime:0.003000s ]
SQL: SELECT * FROM `wb_user` WHERE ( account = "123@qq.com" )  [ RunTime:0.000000s ]
INFO: [ app_end ] --START--
INFO: Run Behavior\ShowPageTraceBehavior [ RunTime:0.001000s ]
INFO: [ app_end ] --END-- [ RunTime:0.001000s ]

[ 2016-05-14T16:27:15+08:00 ] 127.0.0.1 /Home/Login/checkAccount.html
INFO: [ app_begin ] --START--
INFO: Run Behavior\ReadHtmlCacheBehavior [ RunTime:0.001000s ]
INFO: [ app_begin ] --END-- [ RunTime:0.001000s ]
SQL: SHOW COLUMNS FROM `wb_user` [ RunTime:0.003000s ]
SQL: SELECT * FROM `wb_user` WHERE ( account = "123@qq.com" )  [ RunTime:0.000000s ]
INFO: [ app_end ] --START--
INFO: Run Behavior\ShowPageTraceBehavior [ RunTime:0.000000s ]
INFO: [ app_end ] --END-- [ RunTime:0.001000s ]

[ 2016-05-14T16:27:27+08:00 ] 127.0.0.1 /Home/Login/checkAccount.html
INFO: [ app_begin ] --START--
INFO: Run Behavior\ReadHtmlCacheBehavior [ RunTime:0.000000s ]
INFO: [ app_begin ] --END-- [ RunTime:0.001000s ]
SQL: SHOW COLUMNS FROM `wb_user` [ RunTime:0.003000s ]
SQL: SELECT * FROM `wb_user` WHERE ( account = "123@qq.com" )  [ RunTime:0.000000s ]
INFO: [ app_end ] --START--
INFO: Run Behavior\ShowPageTraceBehavior [ RunTime:0.000000s ]
INFO: [ app_end ] --END-- [ RunTime:0.000000s ]

[ 2016-05-14T16:37:49+08:00 ] 127.0.0.1 /Home/Login/checkAccount.html
INFO: [ app_begin ] --START--
INFO: Run Behavior\ReadHtmlCacheBehavior [ RunTime:0.000000s ]
INFO: [ app_begin ] --END-- [ RunTime:0.001000s ]
SQL: SHOW COLUMNS FROM `wb_user` [ RunTime:0.004001s ]
SQL: SELECT * FROM `wb_user` WHERE ( account = "123@qq.com" )  [ RunTime:0.000000s ]
INFO: [ app_end ] --START--
INFO: Run Behavior\ShowPageTraceBehavior [ RunTime:0.001000s ]
INFO: [ app_end ] --END-- [ RunTime:0.001000s ]

[ 2016-05-14T16:37:56+08:00 ] 127.0.0.1 /Home/Login/checkAccount.html
INFO: [ app_begin ] --START--
INFO: Run Behavior\ReadHtmlCacheBehavior [ RunTime:0.001001s ]
INFO: [ app_begin ] --END-- [ RunTime:0.001001s ]
SQL: SHOW COLUMNS FROM `wb_user` [ RunTime:0.003000s ]
SQL: SELECT * FROM `wb_user` WHERE ( account = "123@qq.com" )  [ RunTime:0.000000s ]
INFO: [ app_end ] --START--
INFO: Run Behavior\ShowPageTraceBehavior [ RunTime:0.001000s ]
INFO: [ app_end ] --END-- [ RunTime:0.001000s ]

[ 2016-05-14T16:38:53+08:00 ] 127.0.0.1 /Home/Login/checkAccount.html
INFO: [ app_begin ] --START--
INFO: Run Behavior\ReadHtmlCacheBehavior [ RunTime:0.000000s ]
INFO: [ app_begin ] --END-- [ RunTime:0.001000s ]
SQL: SHOW COLUMNS FROM `wb_user` [ RunTime:0.004000s ]
SQL: SELECT * FROM `wb_user` WHERE ( account = "1105722224@qq.com" )  [ RunTime:0.000000s ]
INFO: [ app_end ] --START--
INFO: Run Behavior\ShowPageTraceBehavior [ RunTime:0.001000s ]
INFO: [ app_end ] --END-- [ RunTime:0.001000s ]

[ 2016-05-14T16:38:57+08:00 ] 127.0.0.1 /Home/Login/checkAccount.html
INFO: [ app_begin ] --START--
INFO: Run Behavior\ReadHtmlCacheBehavior [ RunTime:0.000000s ]
INFO: [ app_begin ] --END-- [ RunTime:0.002001s ]
SQL: SHOW COLUMNS FROM `wb_user` [ RunTime:0.003000s ]
SQL: SELECT * FROM `wb_user` WHERE ( account = "1105722224@qq.com" )  [ RunTime:0.001000s ]
INFO: [ app_end ] --START--
INFO: Run Behavior\ShowPageTraceBehavior [ RunTime:0.001001s ]
INFO: [ app_end ] --END-- [ RunTime:0.001001s ]

[ 2016-05-14T16:48:30+08:00 ] 127.0.0.1 /Home/Login/checkAccount.html
INFO: [ app_begin ] --START--
INFO: Run Behavior\ReadHtmlCacheBehavior [ RunTime:0.001000s ]
INFO: [ app_begin ] --END-- [ RunTime:0.001000s ]
SQL: SHOW COLUMNS FROM `wb_user` [ RunTime:0.004000s ]
SQL: SELECT * FROM `wb_user` WHERE ( account = "123@qq.com" )  [ RunTime:0.001000s ]
INFO: [ app_end ] --START--
INFO: Run Behavior\ShowPageTraceBehavior [ RunTime:0.001000s ]
INFO: [ app_end ] --END-- [ RunTime:0.001000s ]

[ 2016-05-14T16:48:36+08:00 ] 127.0.0.1 /Home/Login/checkAccount.html
INFO: [ app_begin ] --START--
INFO: Run Behavior\ReadHtmlCacheBehavior [ RunTime:0.001000s ]
INFO: [ app_begin ] --END-- [ RunTime:0.002000s ]
SQL: SHOW COLUMNS FROM `wb_user` [ RunTime:0.004000s ]
SQL: SELECT * FROM `wb_user` WHERE ( account = "123@qq.com" )  [ RunTime:0.000000s ]
INFO: [ app_end ] --START--
INFO: Run Behavior\ShowPageTraceBehavior [ RunTime:0.001000s ]
INFO: [ app_end ] --END-- [ RunTime:0.001000s ]

[ 2016-05-14T16:51:04+08:00 ] 127.0.0.1 /Home/Login/checkAccount.html
INFO: [ app_begin ] --START--
INFO: Run Behavior\ReadHtmlCacheBehavior [ RunTime:0.001000s ]
INFO: [ app_begin ] --END-- [ RunTime:0.002000s ]
SQL: SHOW COLUMNS FROM `wb_user` [ RunTime:0.003000s ]
SQL: SELECT * FROM `wb_user` WHERE ( account = "123@qq.cn" )  [ RunTime:0.001000s ]
INFO: [ app_end ] --START--
INFO: Run Behavior\ShowPageTraceBehavior [ RunTime:0.001000s ]
INFO: [ app_end ] --END-- [ RunTime:0.001000s ]

[ 2016-05-14T16:51:10+08:00 ] 127.0.0.1 /Home/Login/checkAccount.html
INFO: [ app_begin ] --START--
INFO: Run Behavior\ReadHtmlCacheBehavior [ RunTime:0.001000s ]
INFO: [ app_begin ] --END-- [ RunTime:0.002000s ]
SQL: SHOW COLUMNS FROM `wb_user` [ RunTime:0.004000s ]
SQL: SELECT * FROM `wb_user` WHERE ( account = "123@qq.cn" )  [ RunTime:0.001001s ]
INFO: [ app_end ] --START--
INFO: Run Behavior\ShowPageTraceBehavior [ RunTime:0.001000s ]
INFO: [ app_end ] --END-- [ RunTime:0.001000s ]

[ 2016-05-14T17:01:37+08:00 ] 127.0.0.1 /Home/Login/checkAccount.html
INFO: [ app_begin ] --START--
INFO: Run Behavior\ReadHtmlCacheBehavior [ RunTime:0.001000s ]
INFO: [ app_begin ] --END-- [ RunTime:0.001000s ]
SQL: SHOW COLUMNS FROM `wb_user` [ RunTime:0.003000s ]
SQL: SELECT * FROM `wb_user` WHERE ( account = "123123@qq.com" )  [ RunTime:0.000000s ]
INFO: [ app_end ] --START--
INFO: Run Behavior\ShowPageTraceBehavior [ RunTime:0.001000s ]
INFO: [ app_end ] --END-- [ RunTime:0.001000s ]

[ 2016-05-14T17:01:42+08:00 ] 127.0.0.1 /Home/Login/checkAccount.html
INFO: [ app_begin ] --START--
INFO: Run Behavior\ReadHtmlCacheBehavior [ RunTime:0.001000s ]
INFO: [ app_begin ] --END-- [ RunTime:0.002000s ]
SQL: SHOW COLUMNS FROM `wb_user` [ RunTime:0.004000s ]
SQL: SELECT * FROM `wb_user` WHERE ( account = "123123@qq.com" )  [ RunTime:0.000000s ]
INFO: [ app_end ] --START--
INFO: Run Behavior\ShowPageTraceBehavior [ RunTime:0.001000s ]
INFO: [ app_end ] --END-- [ RunTime:0.001000s ]

[ 2016-05-14T17:02:41+08:00 ] 127.0.0.1 /Home/Login/checkAccount.html
INFO: [ app_begin ] --START--
INFO: Run Behavior\ReadHtmlCacheBehavior [ RunTime:0.001000s ]
INFO: [ app_begin ] --END-- [ RunTime:0.001000s ]
SQL: SHOW COLUMNS FROM `wb_user` [ RunTime:0.004000s ]
SQL: SELECT * FROM `wb_user` WHERE ( account = "1223123@qq.com" )  [ RunTime:0.000000s ]
INFO: [ app_end ] --START--
INFO: Run Behavior\ShowPageTraceBehavior [ RunTime:0.001000s ]
INFO: [ app_end ] --END-- [ RunTime:0.001000s ]

[ 2016-05-14T17:02:45+08:00 ] 127.0.0.1 /Home/Login/checkAccount.html
INFO: [ app_begin ] --START--
INFO: Run Behavior\ReadHtmlCacheBehavior [ RunTime:0.001000s ]
INFO: [ app_begin ] --END-- [ RunTime:0.001000s ]
SQL: SHOW COLUMNS FROM `wb_user` [ RunTime:0.004001s ]
SQL: SELECT * FROM `wb_user` WHERE ( account = "1223123@qq.com" )  [ RunTime:0.001000s ]
INFO: [ app_end ] --START--
INFO: Run Behavior\ShowPageTraceBehavior [ RunTime:0.001000s ]
INFO: [ app_end ] --END-- [ RunTime:0.001000s ]

[ 2016-05-14T17:05:35+08:00 ] 127.0.0.1 /Home/Login/checkAccount.html
INFO: [ app_begin ] --START--
INFO: Run Behavior\ReadHtmlCacheBehavior [ RunTime:0.000000s ]
INFO: [ app_begin ] --END-- [ RunTime:0.001000s ]
SQL: SHOW COLUMNS FROM `wb_user` [ RunTime:0.003000s ]
SQL: SELECT * FROM `wb_user` WHERE ( account = "1223123@qq.com" )  [ RunTime:0.000000s ]
INFO: [ app_end ] --START--
INFO: Run Behavior\ShowPageTraceBehavior [ RunTime:0.000000s ]
INFO: [ app_end ] --END-- [ RunTime:0.001000s ]

[ 2016-05-14T17:05:40+08:00 ] 127.0.0.1 /Home/Login/checkAccount.html
INFO: [ app_begin ] --START--
INFO: Run Behavior\ReadHtmlCacheBehavior [ RunTime:0.000000s ]
INFO: [ app_begin ] --END-- [ RunTime:0.001000s ]
SQL: SHOW COLUMNS FROM `wb_user` [ RunTime:0.003000s ]
SQL: SELECT * FROM `wb_user` WHERE ( account = "1223123@qq.com" )  [ RunTime:0.000000s ]
INFO: [ app_end ] --START--
INFO: Run Behavior\ShowPageTraceBehavior [ RunTime:0.001001s ]
INFO: [ app_end ] --END-- [ RunTime:0.001001s ]

[ 2016-05-14T17:05:44+08:00 ] 127.0.0.1 /Home/Login/checkAccount.html
INFO: [ app_begin ] --START--
INFO: Run Behavior\ReadHtmlCacheBehavior [ RunTime:0.001000s ]
INFO: [ app_begin ] --END-- [ RunTime:0.001000s ]
SQL: SHOW COLUMNS FROM `wb_user` [ RunTime:0.003000s ]
SQL: SELECT * FROM `wb_user` WHERE ( account = "1223123@qq.com" )  [ RunTime:0.001000s ]
INFO: [ app_end ] --START--
INFO: Run Behavior\ShowPageTraceBehavior [ RunTime:0.001000s ]
INFO: [ app_end ] --END-- [ RunTime:0.001000s ]

[ 2016-05-14T17:05:46+08:00 ] 127.0.0.1 /Home/Login/checkAccount.html
INFO: [ app_begin ] --START--
INFO: Run Behavior\ReadHtmlCacheBehavior [ RunTime:0.001000s ]
INFO: [ app_begin ] --END-- [ RunTime:0.001000s ]
SQL: SHOW COLUMNS FROM `wb_user` [ RunTime:0.004000s ]
SQL: SELECT * FROM `wb_user` WHERE ( account = "12231223@qq.com" )  [ RunTime:0.001000s ]
INFO: [ app_end ] --START--
INFO: Run Behavior\ShowPageTraceBehavior [ RunTime:0.001000s ]
INFO: [ app_end ] --END-- [ RunTime:0.001000s ]

[ 2016-05-14T17:08:43+08:00 ] 127.0.0.1 /Home/Login/checkAccount.html
INFO: [ app_begin ] --START--
INFO: Run Behavior\ReadHtmlCacheBehavior [ RunTime:0.000000s ]
INFO: [ app_begin ] --END-- [ RunTime:0.001000s ]
SQL: SHOW COLUMNS FROM `wb_user` [ RunTime:0.003000s ]
SQL: SELECT * FROM `wb_user` WHERE ( account = "12231223@qq.com" )  [ RunTime:0.001001s ]
INFO: [ app_end ] --START--
INFO: Run Behavior\ShowPageTraceBehavior [ RunTime:0.001000s ]
INFO: [ app_end ] --END-- [ RunTime:0.001000s ]

[ 2016-05-14T17:08:46+08:00 ] 127.0.0.1 /Home/Login/checkAccount.html
INFO: [ app_begin ] --START--
INFO: Run Behavior\ReadHtmlCacheBehavior [ RunTime:0.001000s ]
INFO: [ app_begin ] --END-- [ RunTime:0.001000s ]
SQL: SHOW COLUMNS FROM `wb_user` [ RunTime:0.003000s ]
SQL: SELECT * FROM `wb_user` WHERE ( account = "122312123@qq.com" )  [ RunTime:0.001000s ]
INFO: [ app_end ] --START--
INFO: Run Behavior\ShowPageTraceBehavior [ RunTime:0.000000s ]
INFO: [ app_end ] --END-- [ RunTime:0.001000s ]

[ 2016-05-14T17:08:48+08:00 ] 127.0.0.1 /Home/Login/checkAccount.html
INFO: [ app_begin ] --START--
INFO: Run Behavior\ReadHtmlCacheBehavior [ RunTime:0.000000s ]
INFO: [ app_begin ] --END-- [ RunTime:0.001000s ]
SQL: SHOW COLUMNS FROM `wb_user` [ RunTime:0.004000s ]
SQL: SELECT * FROM `wb_user` WHERE ( account = "122312123@qq.com" )  [ RunTime:0.001001s ]
INFO: [ app_end ] --START--
INFO: Run Behavior\ShowPageTraceBehavior [ RunTime:0.001000s ]
INFO: [ app_end ] --END-- [ RunTime:0.001000s ]

[ 2016-05-14T17:10:02+08:00 ] 127.0.0.1 /Home/Login/checkAccount.html
INFO: [ app_begin ] --START--
INFO: Run Behavior\ReadHtmlCacheBehavior [ RunTime:0.001000s ]
INFO: [ app_begin ] --END-- [ RunTime:0.001000s ]
SQL: SHOW COLUMNS FROM `wb_user` [ RunTime:0.004001s ]
SQL: SELECT * FROM `wb_user` WHERE ( account = "1105722224@qq.com" )  [ RunTime:0.001000s ]
INFO: [ app_end ] --START--
INFO: Run Behavior\ShowPageTraceBehavior [ RunTime:0.001000s ]
INFO: [ app_end ] --END-- [ RunTime:0.001000s ]

[ 2016-05-14T17:10:04+08:00 ] 127.0.0.1 /Home/Login/checkAccount.html
INFO: [ app_begin ] --START--
INFO: Run Behavior\ReadHtmlCacheBehavior [ RunTime:0.000000s ]
INFO: [ app_begin ] --END-- [ RunTime:0.001000s ]
SQL: SHOW COLUMNS FROM `wb_user` [ RunTime:0.004001s ]
SQL: SELECT * FROM `wb_user` WHERE ( account = "11057232224@qq.com" )  [ RunTime:0.002000s ]
INFO: [ app_end ] --START--
INFO: Run Behavior\ShowPageTraceBehavior [ RunTime:0.001000s ]
INFO: [ app_end ] --END-- [ RunTime:0.001000s ]

[ 2016-05-14T17:10:10+08:00 ] 127.0.0.1 /Home/Login/checkAccount.html
INFO: [ app_begin ] --START--
INFO: Run Behavior\ReadHtmlCacheBehavior [ RunTime:0.001000s ]
INFO: [ app_begin ] --END-- [ RunTime:0.001000s ]
SQL: SHOW COLUMNS FROM `wb_user` [ RunTime:0.003000s ]
SQL: SELECT * FROM `wb_user` WHERE ( account = "11057232224@qq.com" )  [ RunTime:0.001001s ]
INFO: [ app_end ] --START--
INFO: Run Behavior\ShowPageTraceBehavior [ RunTime:0.001000s ]
INFO: [ app_end ] --END-- [ RunTime:0.001000s ]

[ 2016-05-14T17:13:37+08:00 ] 127.0.0.1 /Home/Login/checkAccount.html
INFO: [ app_begin ] --START--
INFO: Run Behavior\ReadHtmlCacheBehavior [ RunTime:0.000000s ]
INFO: [ app_begin ] --END-- [ RunTime:0.002001s ]
SQL: SHOW COLUMNS FROM `wb_user` [ RunTime:0.004000s ]
SQL: SELECT * FROM `wb_user` WHERE ( account = "11057232224@qq.com" )  [ RunTime:0.000000s ]
INFO: [ app_end ] --START--
INFO: Run Behavior\ShowPageTraceBehavior [ RunTime:0.001000s ]
INFO: [ app_end ] --END-- [ RunTime:0.001000s ]

[ 2016-05-14T17:13:43+08:00 ] 127.0.0.1 /Home/Login/checkAccount.html
INFO: [ app_begin ] --START--
INFO: Run Behavior\ReadHtmlCacheBehavior [ RunTime:0.000000s ]
INFO: [ app_begin ] --END-- [ RunTime:0.002000s ]
SQL: SHOW COLUMNS FROM `wb_user` [ RunTime:0.003001s ]
SQL: SELECT * FROM `wb_user` WHERE ( account = "122312123@qq.com2" )  [ RunTime:0.000000s ]
INFO: [ app_end ] --START--
INFO: Run Behavior\ShowPageTraceBehavior [ RunTime:0.001000s ]
INFO: [ app_end ] --END-- [ RunTime:0.001000s ]

[ 2016-05-14T17:13:50+08:00 ] 127.0.0.1 /Home/Login/checkAccount.html
INFO: [ app_begin ] --START--
INFO: Run Behavior\ReadHtmlCacheBehavior [ RunTime:0.001000s ]
INFO: [ app_begin ] --END-- [ RunTime:0.001000s ]
SQL: SHOW COLUMNS FROM `wb_user` [ RunTime:0.003001s ]
SQL: SELECT * FROM `wb_user` WHERE ( account = "122312123@qq.com2" )  [ RunTime:0.000000s ]
INFO: [ app_end ] --START--
INFO: Run Behavior\ShowPageTraceBehavior [ RunTime:0.000000s ]
INFO: [ app_end ] --END-- [ RunTime:0.000000s ]

[ 2016-05-14T17:14:02+08:00 ] 127.0.0.1 /Home/Login/checkAccount.html
INFO: [ app_begin ] --START--
INFO: Run Behavior\ReadHtmlCacheBehavior [ RunTime:0.001000s ]
INFO: [ app_begin ] --END-- [ RunTime:0.002000s ]
SQL: SHOW COLUMNS FROM `wb_user` [ RunTime:0.003001s ]
SQL: SELECT * FROM `wb_user` WHERE ( account = "122312123@qq.com2" )  [ RunTime:0.001000s ]
INFO: [ app_end ] --START--
INFO: Run Behavior\ShowPageTraceBehavior [ RunTime:0.000000s ]
INFO: [ app_end ] --END-- [ RunTime:0.001000s ]

[ 2016-05-14T17:14:19+08:00 ] 127.0.0.1 /Home/Login/checkAccount.html
INFO: [ app_begin ] --START--
INFO: Run Behavior\ReadHtmlCacheBehavior [ RunTime:0.000000s ]
INFO: [ app_begin ] --END-- [ RunTime:0.001000s ]
SQL: SHOW COLUMNS FROM `wb_user` [ RunTime:0.003000s ]
SQL: SELECT * FROM `wb_user` WHERE ( account = "122312123@qq.com2" )  [ RunTime:0.000000s ]
INFO: [ app_end ] --START--
INFO: Run Behavior\ShowPageTraceBehavior [ RunTime:0.001000s ]
INFO: [ app_end ] --END-- [ RunTime:0.001000s ]

[ 2016-05-14T17:18:01+08:00 ] 127.0.0.1 /Home/Login/checkAccount.html
INFO: [ app_begin ] --START--
INFO: Run Behavior\ReadHtmlCacheBehavior [ RunTime:0.001000s ]
INFO: [ app_begin ] --END-- [ RunTime:0.001000s ]
SQL: SHOW COLUMNS FROM `wb_user` [ RunTime:0.004000s ]
SQL: SELECT * FROM `wb_user` WHERE ( account = "1105722224@qq.com" )  [ RunTime:0.001000s ]
INFO: [ app_end ] --START--
INFO: Run Behavior\ShowPageTraceBehavior [ RunTime:0.001000s ]
INFO: [ app_end ] --END-- [ RunTime:0.001000s ]

[ 2016-05-14T17:18:39+08:00 ] 127.0.0.1 /Home/Login/checkAccount.html
INFO: [ app_begin ] --START--
INFO: Run Behavior\ReadHtmlCacheBehavior [ RunTime:0.000000s ]
INFO: [ app_begin ] --END-- [ RunTime:0.001000s ]
SQL: SHOW COLUMNS FROM `wb_user` [ RunTime:0.003000s ]
SQL: SELECT * FROM `wb_user` WHERE ( account = "110572224@qq.com" )  [ RunTime:0.001000s ]
INFO: [ app_end ] --START--
INFO: Run Behavior\ShowPageTraceBehavior [ RunTime:0.001000s ]
INFO: [ app_end ] --END-- [ RunTime:0.001000s ]

[ 2016-05-14T17:18:41+08:00 ] 127.0.0.1 /Home/Login/checkAccount.html
INFO: [ app_begin ] --START--
INFO: Run Behavior\ReadHtmlCacheBehavior [ RunTime:0.001000s ]
INFO: [ app_begin ] --END-- [ RunTime:0.001000s ]
SQL: SHOW COLUMNS FROM `wb_user` [ RunTime:0.003000s ]
SQL: SELECT * FROM `wb_user` WHERE ( account = "1105722224@qq.com" )  [ RunTime:0.001000s ]
INFO: [ app_end ] --START--
INFO: Run Behavior\ShowPageTraceBehavior [ RunTime:0.000000s ]
INFO: [ app_end ] --END-- [ RunTime:0.001001s ]

[ 2016-05-14T17:18:56+08:00 ] 127.0.0.1 /Home/Login/checkAccount.html
INFO: [ app_begin ] --START--
INFO: Run Behavior\ReadHtmlCacheBehavior [ RunTime:0.001000s ]
INFO: [ app_begin ] --END-- [ RunTime:0.001000s ]
SQL: SHOW COLUMNS FROM `wb_user` [ RunTime:0.003000s ]
SQL: SELECT * FROM `wb_user` WHERE ( account = "1105722224@qq.com" )  [ RunTime:0.000000s ]
INFO: [ app_end ] --START--
INFO: Run Behavior\ShowPageTraceBehavior [ RunTime:0.000000s ]
INFO: [ app_end ] --END-- [ RunTime:0.000000s ]

[ 2016-05-14T17:20:44+08:00 ] 127.0.0.1 /Home/Login/runRegis.html
ERR: Think\Model:push方法不存在！

[ 2016-05-14T17:21:34+08:00 ] 127.0.0.1 /Home/Login/checkAccount.html
INFO: [ app_begin ] --START--
INFO: Run Behavior\ReadHtmlCacheBehavior [ RunTime:0.001000s ]
INFO: [ app_begin ] --END-- [ RunTime:0.001000s ]
SQL: SHOW COLUMNS FROM `wb_user` [ RunTime:0.003000s ]
SQL: SELECT * FROM `wb_user` WHERE ( account = "1105722224@qq.com" )  [ RunTime:0.001000s ]
INFO: [ app_end ] --START--
INFO: Run Behavior\ShowPageTraceBehavior [ RunTime:0.001000s ]
INFO: [ app_end ] --END-- [ RunTime:0.001000s ]

[ 2016-05-14T17:21:35+08:00 ] 127.0.0.1 /Home/Login/checkAccount.html
INFO: [ app_begin ] --START--
INFO: Run Behavior\ReadHtmlCacheBehavior [ RunTime:0.001000s ]
INFO: [ app_begin ] --END-- [ RunTime:0.001000s ]
SQL: SHOW COLUMNS FROM `wb_user` [ RunTime:0.003000s ]
SQL: SELECT * FROM `wb_user` WHERE ( account = "11057222224@qq.com" )  [ RunTime:0.000000s ]
INFO: [ app_end ] --START--
INFO: Run Behavior\ShowPageTraceBehavior [ RunTime:0.000000s ]
INFO: [ app_end ] --END-- [ RunTime:0.000000s ]

[ 2016-05-14T17:21:47+08:00 ] 127.0.0.1 /Home/Login/checkAccount.html
INFO: [ app_begin ] --START--
INFO: Run Behavior\ReadHtmlCacheBehavior [ RunTime:0.001001s ]
INFO: [ app_begin ] --END-- [ RunTime:0.001001s ]
SQL: SHOW COLUMNS FROM `wb_user` [ RunTime:0.003000s ]
SQL: SELECT * FROM `wb_user` WHERE ( account = "11057222224@qq.com" )  [ RunTime:0.000000s ]
INFO: [ app_end ] --START--
INFO: Run Behavior\ShowPageTraceBehavior [ RunTime:0.001000s ]
INFO: [ app_end ] --END-- [ RunTime:0.001000s ]

[ 2016-05-14T17:23:21+08:00 ] 127.0.0.1 /Home/Login/checkAccount.html
INFO: [ app_begin ] --START--
INFO: Run Behavior\ReadHtmlCacheBehavior [ RunTime:0.001000s ]
INFO: [ app_begin ] --END-- [ RunTime:0.001000s ]
SQL: SHOW COLUMNS FROM `wb_user` [ RunTime:0.003001s ]
SQL: SELECT * FROM `wb_user` WHERE ( account = "11057222224@qq.com" )  [ RunTime:0.001000s ]
INFO: [ app_end ] --START--
INFO: Run Behavior\ShowPageTraceBehavior [ RunTime:0.000000s ]
INFO: [ app_end ] --END-- [ RunTime:0.001000s ]

